[0.078s] DEBUG:colcon:Command line arguments: ['/usr/bin/colcon', 'build']
[0.078s] DEBUG:colcon:Parsed command line arguments: Namespace(log_base=None, log_level=None, verb_name='build', build_base='build', install_base='install', merge_install=False, symlink_install=False, test_result_base=None, continue_on_error=False, executor='parallel', parallel_workers=12, event_handlers=None, ignore_user_meta=False, metas=['./colcon.meta'], base_paths=['.'], packages_ignore=None, packages_ignore_regex=None, paths=None, packages_up_to=None, packages_up_to_regex=None, packages_above=None, packages_above_and_dependencies=None, packages_above_depth=None, packages_select_by_dep=None, packages_skip_by_dep=None, packages_skip_up_to=None, packages_select_build_failed=False, packages_skip_build_finished=False, packages_select_test_failures=False, packages_skip_test_passed=False, packages_select=None, packages_skip=None, packages_select_regex=None, packages_skip_regex=None, packages_start=None, packages_end=None, allow_overriding=[], cmake_args=None, cmake_target=None, cmake_target_skip_unavailable=False, cmake_clean_cache=False, cmake_clean_first=False, cmake_force_configure=False, ament_cmake_args=None, catkin_cmake_args=None, catkin_skip_building_tests=False, verb_parser=<colcon_defaults.argument_parser.defaults.DefaultArgumentsDecorator object at 0x7a9089a44df0>, verb_extension=<colcon_core.verb.build.BuildVerb object at 0x7a9089b45900>, main=<bound method BuildVerb.main of <colcon_core.verb.build.BuildVerb object at 0x7a9089b45900>>)
[0.208s] Level 1:colcon.colcon_core.package_discovery:discover_packages(colcon_meta) check parameters
[0.208s] Level 1:colcon.colcon_core.package_discovery:discover_packages(recursive) check parameters
[0.208s] Level 1:colcon.colcon_core.package_discovery:discover_packages(ignore) check parameters
[0.208s] Level 1:colcon.colcon_core.package_discovery:discover_packages(path) check parameters
[0.208s] Level 1:colcon.colcon_core.package_discovery:discover_packages(colcon_meta) discover
[0.208s] Level 1:colcon.colcon_core.package_discovery:discover_packages(recursive) discover
[0.208s] INFO:colcon.colcon_core.package_discovery:Crawling recursively for packages in '/home/yash/EKLAVYA_VVM/Ros2_ws'
[0.208s] Level 1:colcon.colcon_core.package_identification:_identify(.) by extensions ['ignore', 'ignore_ament_install']
[0.209s] Level 1:colcon.colcon_core.package_identification:_identify(.) by extension 'ignore'
[0.209s] Level 1:colcon.colcon_core.package_identification:_identify(.) by extension 'ignore_ament_install'
[0.209s] Level 1:colcon.colcon_core.package_identification:_identify(.) by extensions ['colcon_pkg']
[0.209s] Level 1:colcon.colcon_core.package_identification:_identify(.) by extension 'colcon_pkg'
[0.209s] Level 1:colcon.colcon_core.package_identification:_identify(.) by extensions ['colcon_meta']
[0.209s] Level 1:colcon.colcon_core.package_identification:_identify(.) by extension 'colcon_meta'
[0.209s] Level 1:colcon.colcon_core.package_identification:_identify(.) by extensions ['ros']
[0.209s] Level 1:colcon.colcon_core.package_identification:_identify(.) by extension 'ros'
[0.217s] Level 1:colcon.colcon_core.package_identification:_identify(.) by extensions ['cmake', 'python']
[0.217s] Level 1:colcon.colcon_core.package_identification:_identify(.) by extension 'cmake'
[0.217s] Level 1:colcon.colcon_core.package_identification:_identify(.) by extension 'python'
[0.218s] Level 1:colcon.colcon_core.package_identification:_identify(.) by extensions ['python_setup_py']
[0.218s] Level 1:colcon.colcon_core.package_identification:_identify(.) by extension 'python_setup_py'
[0.218s] Level 1:colcon.colcon_core.package_identification:_identify(build) by extensions ['ignore', 'ignore_ament_install']
[0.218s] Level 1:colcon.colcon_core.package_identification:_identify(build) by extension 'ignore'
[0.218s] Level 1:colcon.colcon_core.package_identification:_identify(build) ignored
[0.218s] Level 1:colcon.colcon_core.package_identification:_identify(install) by extensions ['ignore', 'ignore_ament_install']
[0.218s] Level 1:colcon.colcon_core.package_identification:_identify(install) by extension 'ignore'
[0.218s] Level 1:colcon.colcon_core.package_identification:_identify(install) ignored
[0.218s] Level 1:colcon.colcon_core.package_identification:_identify(log) by extensions ['ignore', 'ignore_ament_install']
[0.218s] Level 1:colcon.colcon_core.package_identification:_identify(log) by extension 'ignore'
[0.218s] Level 1:colcon.colcon_core.package_identification:_identify(log) ignored
[0.218s] Level 1:colcon.colcon_core.package_identification:_identify(src) by extensions ['ignore', 'ignore_ament_install']
[0.218s] Level 1:colcon.colcon_core.package_identification:_identify(src) by extension 'ignore'
[0.218s] Level 1:colcon.colcon_core.package_identification:_identify(src) by extension 'ignore_ament_install'
[0.218s] Level 1:colcon.colcon_core.package_identification:_identify(src) by extensions ['colcon_pkg']
[0.218s] Level 1:colcon.colcon_core.package_identification:_identify(src) by extension 'colcon_pkg'
[0.218s] Level 1:colcon.colcon_core.package_identification:_identify(src) by extensions ['colcon_meta']
[0.218s] Level 1:colcon.colcon_core.package_identification:_identify(src) by extension 'colcon_meta'
[0.218s] Level 1:colcon.colcon_core.package_identification:_identify(src) by extensions ['ros']
[0.219s] Level 1:colcon.colcon_core.package_identification:_identify(src) by extension 'ros'
[0.219s] Level 1:colcon.colcon_core.package_identification:_identify(src) by extensions ['cmake', 'python']
[0.219s] Level 1:colcon.colcon_core.package_identification:_identify(src) by extension 'cmake'
[0.219s] Level 1:colcon.colcon_core.package_identification:_identify(src) by extension 'python'
[0.219s] Level 1:colcon.colcon_core.package_identification:_identify(src) by extensions ['python_setup_py']
[0.219s] Level 1:colcon.colcon_core.package_identification:_identify(src) by extension 'python_setup_py'
[0.219s] Level 1:colcon.colcon_core.package_identification:_identify(src/build) by extensions ['ignore', 'ignore_ament_install']
[0.219s] Level 1:colcon.colcon_core.package_identification:_identify(src/build) by extension 'ignore'
[0.219s] Level 1:colcon.colcon_core.package_identification:_identify(src/build) ignored
[0.219s] Level 1:colcon.colcon_core.package_identification:_identify(src/install) by extensions ['ignore', 'ignore_ament_install']
[0.219s] Level 1:colcon.colcon_core.package_identification:_identify(src/install) by extension 'ignore'
[0.219s] Level 1:colcon.colcon_core.package_identification:_identify(src/install) ignored
[0.219s] Level 1:colcon.colcon_core.package_identification:_identify(src/log) by extensions ['ignore', 'ignore_ament_install']
[0.219s] Level 1:colcon.colcon_core.package_identification:_identify(src/log) by extension 'ignore'
[0.219s] Level 1:colcon.colcon_core.package_identification:_identify(src/log) ignored
[0.219s] Level 1:colcon.colcon_core.package_identification:_identify(src/sum) by extensions ['ignore', 'ignore_ament_install']
[0.219s] Level 1:colcon.colcon_core.package_identification:_identify(src/sum) by extension 'ignore'
[0.220s] Level 1:colcon.colcon_core.package_identification:_identify(src/sum) by extension 'ignore_ament_install'
[0.220s] Level 1:colcon.colcon_core.package_identification:_identify(src/sum) by extensions ['colcon_pkg']
[0.220s] Level 1:colcon.colcon_core.package_identification:_identify(src/sum) by extension 'colcon_pkg'
[0.220s] Level 1:colcon.colcon_core.package_identification:_identify(src/sum) by extensions ['colcon_meta']
[0.220s] Level 1:colcon.colcon_core.package_identification:_identify(src/sum) by extension 'colcon_meta'
[0.220s] Level 1:colcon.colcon_core.package_identification:_identify(src/sum) by extensions ['ros']
[0.220s] Level 1:colcon.colcon_core.package_identification:_identify(src/sum) by extension 'ros'
[0.221s] DEBUG:colcon.colcon_core.package_identification:Package 'src/sum' with type 'ros.ament_python' and name 'sum'
[0.221s] Level 1:colcon.colcon_core.package_discovery:discover_packages(recursive) using defaults
[0.221s] Level 1:colcon.colcon_core.package_discovery:discover_packages(ignore) discover
[0.222s] Level 1:colcon.colcon_core.package_discovery:discover_packages(ignore) using defaults
[0.222s] Level 1:colcon.colcon_core.package_discovery:discover_packages(path) discover
[0.222s] Level 1:colcon.colcon_core.package_discovery:discover_packages(path) using defaults
[0.236s] Level 1:colcon.colcon_core.package_discovery:discover_packages(prefix_path) check parameters
[0.236s] Level 1:colcon.colcon_core.package_discovery:discover_packages(prefix_path) discover
[0.237s] DEBUG:colcon.colcon_installed_package_information.package_discovery:Found 2 installed packages in /home/yash/ros2_ws/install
[0.238s] DEBUG:colcon.colcon_installed_package_information.package_discovery:Found 1 installed packages in /home/yash/ros2_ws/src/install
[0.240s] DEBUG:colcon.colcon_installed_package_information.package_discovery:Found 367 installed packages in /opt/ros/humble
[0.255s] Level 1:colcon.colcon_core.package_discovery:discover_packages(prefix_path) using defaults
[0.289s] Level 5:colcon.colcon_core.verb:set package 'sum' build argument 'cmake_args' from command line to 'None'
[0.289s] Level 5:colcon.colcon_core.verb:set package 'sum' build argument 'cmake_target' from command line to 'None'
[0.289s] Level 5:colcon.colcon_core.verb:set package 'sum' build argument 'cmake_target_skip_unavailable' from command line to 'False'
[0.289s] Level 5:colcon.colcon_core.verb:set package 'sum' build argument 'cmake_clean_cache' from command line to 'False'
[0.289s] Level 5:colcon.colcon_core.verb:set package 'sum' build argument 'cmake_clean_first' from command line to 'False'
[0.289s] Level 5:colcon.colcon_core.verb:set package 'sum' build argument 'cmake_force_configure' from command line to 'False'
[0.289s] Level 5:colcon.colcon_core.verb:set package 'sum' build argument 'ament_cmake_args' from command line to 'None'
[0.289s] Level 5:colcon.colcon_core.verb:set package 'sum' build argument 'catkin_cmake_args' from command line to 'None'
[0.289s] Level 5:colcon.colcon_core.verb:set package 'sum' build argument 'catkin_skip_building_tests' from command line to 'False'
[0.289s] DEBUG:colcon.colcon_core.verb:Building package 'sum' with the following arguments: {'ament_cmake_args': None, 'build_base': '/home/yash/EKLAVYA_VVM/Ros2_ws/build/sum', 'catkin_cmake_args': None, 'catkin_skip_building_tests': False, 'cmake_args': None, 'cmake_clean_cache': False, 'cmake_clean_first': False, 'cmake_force_configure': False, 'cmake_target': None, 'cmake_target_skip_unavailable': False, 'install_base': '/home/yash/EKLAVYA_VVM/Ros2_ws/install/sum', 'merge_install': False, 'path': '/home/yash/EKLAVYA_VVM/Ros2_ws/src/sum', 'symlink_install': False, 'test_result_base': None}
[0.290s] INFO:colcon.colcon_core.executor:Executing jobs using 'parallel' executor
[0.291s] DEBUG:colcon.colcon_parallel_executor.executor.parallel:run_until_complete
[0.291s] INFO:colcon.colcon_ros.task.ament_python.build:Building ROS package in '/home/yash/EKLAVYA_VVM/Ros2_ws/src/sum' with build type 'ament_python'
[0.291s] Level 1:colcon.colcon_core.shell:create_environment_hook('sum', 'ament_prefix_path')
[0.293s] INFO:colcon.colcon_core.plugin_system:Skipping extension 'colcon_core.shell.bat': Not used on non-Windows systems
[0.293s] INFO:colcon.colcon_core.shell:Creating environment hook '/home/yash/EKLAVYA_VVM/Ros2_ws/install/sum/share/sum/hook/ament_prefix_path.ps1'
[0.293s] INFO:colcon.colcon_core.shell:Creating environment descriptor '/home/yash/EKLAVYA_VVM/Ros2_ws/install/sum/share/sum/hook/ament_prefix_path.dsv'
[0.294s] INFO:colcon.colcon_core.shell:Creating environment hook '/home/yash/EKLAVYA_VVM/Ros2_ws/install/sum/share/sum/hook/ament_prefix_path.sh'
[0.294s] INFO:colcon.colcon_core.shell:Skip shell extension 'powershell' for command environment: Not usable outside of PowerShell
[0.294s] DEBUG:colcon.colcon_core.shell:Skip shell extension 'dsv' for command environment
[0.506s] INFO:colcon.colcon_core.task.python.build:Building Python package in '/home/yash/EKLAVYA_VVM/Ros2_ws/src/sum'
[0.506s] INFO:colcon.colcon_core.shell:Skip shell extension 'powershell' for command environment: Not usable outside of PowerShell
[0.506s] DEBUG:colcon.colcon_core.shell:Skip shell extension 'dsv' for command environment
[0.804s] DEBUG:colcon.colcon_core.event_handler.log_command:Invoking command in '/home/yash/EKLAVYA_VVM/Ros2_ws/src/sum': PYTHONPATH=/home/yash/EKLAVYA_VVM/Ros2_ws/build/sum/prefix_override:/home/yash/EKLAVYA_VVM/Ros2_ws/install/sum/lib/python3.10/site-packages:${PYTHONPATH} /usr/bin/python3 -W ignore:setup.py install is deprecated setup.py egg_info --egg-base ../../build/sum build --build-base /home/yash/EKLAVYA_VVM/Ros2_ws/build/sum/build install --record /home/yash/EKLAVYA_VVM/Ros2_ws/build/sum/install.log --single-version-externally-managed install_data
[1.046s] DEBUG:colcon.colcon_core.event_handler.log_command:Invoked command in '/home/yash/EKLAVYA_VVM/Ros2_ws/src/sum' returned '0': PYTHONPATH=/home/yash/EKLAVYA_VVM/Ros2_ws/build/sum/prefix_override:/home/yash/EKLAVYA_VVM/Ros2_ws/install/sum/lib/python3.10/site-packages:${PYTHONPATH} /usr/bin/python3 -W ignore:setup.py install is deprecated setup.py egg_info --egg-base ../../build/sum build --build-base /home/yash/EKLAVYA_VVM/Ros2_ws/build/sum/build install --record /home/yash/EKLAVYA_VVM/Ros2_ws/build/sum/install.log --single-version-externally-managed install_data
[1.048s] Level 1:colcon.colcon_core.environment:checking '/home/yash/EKLAVYA_VVM/Ros2_ws/install/sum' for CMake module files
[1.048s] Level 1:colcon.colcon_core.environment:checking '/home/yash/EKLAVYA_VVM/Ros2_ws/install/sum' for CMake config files
[1.049s] Level 1:colcon.colcon_core.environment:checking '/home/yash/EKLAVYA_VVM/Ros2_ws/install/sum/lib'
[1.049s] Level 1:colcon.colcon_core.environment:checking '/home/yash/EKLAVYA_VVM/Ros2_ws/install/sum/bin'
[1.049s] Level 1:colcon.colcon_core.environment:checking '/home/yash/EKLAVYA_VVM/Ros2_ws/install/sum/lib/pkgconfig/sum.pc'
[1.049s] Level 1:colcon.colcon_core.environment:checking '/home/yash/EKLAVYA_VVM/Ros2_ws/install/sum/lib/python3.10/site-packages'
[1.049s] Level 1:colcon.colcon_core.shell:create_environment_hook('sum', 'pythonpath')
[1.049s] INFO:colcon.colcon_core.shell:Creating environment hook '/home/yash/EKLAVYA_VVM/Ros2_ws/install/sum/share/sum/hook/pythonpath.ps1'
[1.050s] INFO:colcon.colcon_core.shell:Creating environment descriptor '/home/yash/EKLAVYA_VVM/Ros2_ws/install/sum/share/sum/hook/pythonpath.dsv'
[1.050s] INFO:colcon.colcon_core.shell:Creating environment hook '/home/yash/EKLAVYA_VVM/Ros2_ws/install/sum/share/sum/hook/pythonpath.sh'
[1.050s] Level 1:colcon.colcon_core.environment:checking '/home/yash/EKLAVYA_VVM/Ros2_ws/install/sum/bin'
[1.050s] Level 1:colcon.colcon_core.environment:create_environment_scripts_only(sum)
[1.051s] INFO:colcon.colcon_core.shell:Creating package script '/home/yash/EKLAVYA_VVM/Ros2_ws/install/sum/share/sum/package.ps1'
[1.051s] INFO:colcon.colcon_core.shell:Creating package descriptor '/home/yash/EKLAVYA_VVM/Ros2_ws/install/sum/share/sum/package.dsv'
[1.052s] INFO:colcon.colcon_core.shell:Creating package script '/home/yash/EKLAVYA_VVM/Ros2_ws/install/sum/share/sum/package.sh'
[1.052s] INFO:colcon.colcon_core.shell:Creating package script '/home/yash/EKLAVYA_VVM/Ros2_ws/install/sum/share/sum/package.bash'
[1.053s] INFO:colcon.colcon_core.shell:Creating package script '/home/yash/EKLAVYA_VVM/Ros2_ws/install/sum/share/sum/package.zsh'
[1.053s] Level 1:colcon.colcon_core.environment:create_file_with_runtime_dependencies(/home/yash/EKLAVYA_VVM/Ros2_ws/install/sum/share/colcon-core/packages/sum)
[1.053s] DEBUG:colcon.colcon_parallel_executor.executor.parallel:closing loop
[1.054s] DEBUG:colcon.colcon_parallel_executor.executor.parallel:loop closed
[1.054s] DEBUG:colcon.colcon_parallel_executor.executor.parallel:run_until_complete finished with '0'
[1.054s] DEBUG:colcon.colcon_core.event_reactor:joining thread
[1.058s] INFO:colcon.colcon_core.plugin_system:Skipping extension 'colcon_notification.desktop_notification.terminal_notifier': Not used on non-Darwin systems
[1.058s] INFO:colcon.colcon_core.plugin_system:Skipping extension 'colcon_notification.desktop_notification.win32': Not used on non-Windows systems
[1.058s] INFO:colcon.colcon_notification.desktop_notification:Sending desktop notification using 'notify2'
[1.070s] DEBUG:colcon.colcon_core.event_reactor:joined thread
[1.071s] INFO:colcon.colcon_core.shell:Creating prefix script '/home/yash/EKLAVYA_VVM/Ros2_ws/install/local_setup.ps1'
[1.072s] INFO:colcon.colcon_core.shell:Creating prefix util module '/home/yash/EKLAVYA_VVM/Ros2_ws/install/_local_setup_util_ps1.py'
[1.073s] INFO:colcon.colcon_core.shell:Creating prefix chain script '/home/yash/EKLAVYA_VVM/Ros2_ws/install/setup.ps1'
[1.074s] INFO:colcon.colcon_core.shell:Creating prefix script '/home/yash/EKLAVYA_VVM/Ros2_ws/install/local_setup.sh'
[1.074s] INFO:colcon.colcon_core.shell:Creating prefix util module '/home/yash/EKLAVYA_VVM/Ros2_ws/install/_local_setup_util_sh.py'
[1.075s] INFO:colcon.colcon_core.shell:Creating prefix chain script '/home/yash/EKLAVYA_VVM/Ros2_ws/install/setup.sh'
[1.076s] INFO:colcon.colcon_core.shell:Creating prefix script '/home/yash/EKLAVYA_VVM/Ros2_ws/install/local_setup.bash'
[1.076s] INFO:colcon.colcon_core.shell:Creating prefix chain script '/home/yash/EKLAVYA_VVM/Ros2_ws/install/setup.bash'
[1.077s] INFO:colcon.colcon_core.shell:Creating prefix script '/home/yash/EKLAVYA_VVM/Ros2_ws/install/local_setup.zsh'
[1.077s] INFO:colcon.colcon_core.shell:Creating prefix chain script '/home/yash/EKLAVYA_VVM/Ros2_ws/install/setup.zsh'
