running egg_info
writing ../../build/sum/sum.egg-info/PKG-INFO
writing dependency_links to ../../build/sum/sum.egg-info/dependency_links.txt
writing entry points to ../../build/sum/sum.egg-info/entry_points.txt
writing requirements to ../../build/sum/sum.egg-info/requires.txt
writing top-level names to ../../build/sum/sum.egg-info/top_level.txt
reading manifest file '../../build/sum/sum.egg-info/SOURCES.txt'
writing manifest file '../../build/sum/sum.egg-info/SOURCES.txt'
running build
running build_py
copying sum/sub.py -> /home/yash/EKLAVYA_VVM/Ros2_ws/build/sum/build/lib/sum
running install
running install_lib
copying /home/yash/EKLAVYA_VVM/Ros2_ws/build/sum/build/lib/sum/sub.py -> /home/yash/EKLAVYA_VVM/Ros2_ws/install/sum/lib/python3.10/site-packages/sum
byte-compiling /home/yash/EKLAVYA_VVM/Ros2_ws/install/sum/lib/python3.10/site-packages/sum/sub.py to sub.cpython-310.pyc
running install_data
running install_egg_info
removing '/home/yash/EKLAVYA_VVM/Ros2_ws/install/sum/lib/python3.10/site-packages/sum-0.0.0-py3.10.egg-info' (and everything under it)
Copying ../../build/sum/sum.egg-info to /home/yash/EKLAVYA_VVM/Ros2_ws/install/sum/lib/python3.10/site-packages/sum-0.0.0-py3.10.egg-info
running install_scripts
Installing pub script to /home/yash/EKLAVYA_VVM/Ros2_ws/install/sum/lib/sum
Installing sub script to /home/yash/EKLAVYA_VVM/Ros2_ws/install/sum/lib/sum
writing list of installed files to '/home/yash/EKLAVYA_VVM/Ros2_ws/build/sum/install.log'
