[0.497s] Invoking command in '/home/yash/EKLAVYA_VVM/Ros2_ws/src/sum': PYTHONPATH=/home/yash/EKLAVYA_VVM/Ros2_ws/build/sum/prefix_override:/home/yash/EKLAVYA_VVM/Ros2_ws/install/sum/lib/python3.10/site-packages:${PYTHONPATH} /usr/bin/python3 -W ignore:setup.py install is deprecated setup.py egg_info --egg-base ../../build/sum build --build-base /home/yash/EKLAVYA_VVM/Ros2_ws/build/sum/build install --record /home/yash/EKLAVYA_VVM/Ros2_ws/build/sum/install.log --single-version-externally-managed install_data
[0.685s] running egg_info
[0.685s] writing ../../build/sum/sum.egg-info/PKG-INFO
[0.685s] writing dependency_links to ../../build/sum/sum.egg-info/dependency_links.txt
[0.686s] writing entry points to ../../build/sum/sum.egg-info/entry_points.txt
[0.686s] writing requirements to ../../build/sum/sum.egg-info/requires.txt
[0.686s] writing top-level names to ../../build/sum/sum.egg-info/top_level.txt
[0.687s] reading manifest file '../../build/sum/sum.egg-info/SOURCES.txt'
[0.687s] writing manifest file '../../build/sum/sum.egg-info/SOURCES.txt'
[0.688s] running build
[0.688s] running build_py
[0.688s] copying sum/sub.py -> /home/yash/EKLAVYA_VVM/Ros2_ws/build/sum/build/lib/sum
[0.688s] running install
[0.688s] running install_lib
[0.689s] copying /home/yash/EKLAVYA_VVM/Ros2_ws/build/sum/build/lib/sum/sub.py -> /home/yash/EKLAVYA_VVM/Ros2_ws/install/sum/lib/python3.10/site-packages/sum
[0.690s] byte-compiling /home/yash/EKLAVYA_VVM/Ros2_ws/install/sum/lib/python3.10/site-packages/sum/sub.py to sub.cpython-310.pyc
[0.690s] running install_data
[0.690s] running install_egg_info
[0.691s] removing '/home/yash/EKLAVYA_VVM/Ros2_ws/install/sum/lib/python3.10/site-packages/sum-0.0.0-py3.10.egg-info' (and everything under it)
[0.692s] Copying ../../build/sum/sum.egg-info to /home/yash/EKLAVYA_VVM/Ros2_ws/install/sum/lib/python3.10/site-packages/sum-0.0.0-py3.10.egg-info
[0.692s] running install_scripts
[0.709s] Installing pub script to /home/yash/EKLAVYA_VVM/Ros2_ws/install/sum/lib/sum
[0.710s] Installing sub script to /home/yash/EKLAVYA_VVM/Ros2_ws/install/sum/lib/sum
[0.710s] writing list of installed files to '/home/yash/EKLAVYA_VVM/Ros2_ws/build/sum/install.log'
[0.749s] Invoked command in '/home/yash/EKLAVYA_VVM/Ros2_ws/src/sum' returned '0': PYTHONPATH=/home/yash/EKLAVYA_VVM/Ros2_ws/build/sum/prefix_override:/home/yash/EKLAVYA_VVM/Ros2_ws/install/sum/lib/python3.10/site-packages:${PYTHONPATH} /usr/bin/python3 -W ignore:setup.py install is deprecated setup.py egg_info --egg-base ../../build/sum build --build-base /home/yash/EKLAVYA_VVM/Ros2_ws/build/sum/build install --record /home/yash/EKLAVYA_VVM/Ros2_ws/build/sum/install.log --single-version-externally-managed install_data
