[0.194s] DEBUG:colcon:Command line arguments: ['/usr/bin/colcon', 'build']
[0.194s] DEBUG:colcon:Parsed command line arguments: Namespace(log_base=None, log_level=None, verb_name='build', build_base='build', install_base='install', merge_install=False, symlink_install=False, test_result_base=None, continue_on_error=False, executor='parallel', parallel_workers=16, event_handlers=None, ignore_user_meta=False, metas=['./colcon.meta'], base_paths=['.'], packages_ignore=None, packages_ignore_regex=None, paths=None, packages_up_to=None, packages_up_to_regex=None, packages_above=None, packages_above_and_dependencies=None, packages_above_depth=None, packages_select_by_dep=None, packages_skip_by_dep=None, packages_skip_up_to=None, packages_select_build_failed=False, packages_skip_build_finished=False, packages_select_test_failures=False, packages_skip_test_passed=False, packages_select=None, packages_skip=None, packages_select_regex=None, packages_skip_regex=None, packages_start=None, packages_end=None, allow_overriding=[], cmake_args=None, cmake_target=None, cmake_target_skip_unavailable=False, cmake_clean_cache=False, cmake_clean_first=False, cmake_force_configure=False, ament_cmake_args=None, catkin_cmake_args=None, catkin_skip_building_tests=False, mixin_files=None, mixin=None, verb_parser=<colcon_mixin.mixin.mixin_argument.MixinArgumentDecorator object at 0x7f773103b3d0>, verb_extension=<colcon_core.verb.build.BuildVerb object at 0x7f773103add0>, main=<bound method BuildVerb.main of <colcon_core.verb.build.BuildVerb object at 0x7f773103add0>>, mixin_verb=('build',))
[0.245s] Level 1:colcon.colcon_core.package_discovery:discover_packages(colcon_meta) check parameters
[0.245s] Level 1:colcon.colcon_core.package_discovery:discover_packages(recursive) check parameters
[0.245s] Level 1:colcon.colcon_core.package_discovery:discover_packages(ignore) check parameters
[0.245s] Level 1:colcon.colcon_core.package_discovery:discover_packages(path) check parameters
[0.245s] Level 1:colcon.colcon_core.package_discovery:discover_packages(colcon_meta) discover
[0.245s] Level 1:colcon.colcon_core.package_discovery:discover_packages(recursive) discover
[0.245s] INFO:colcon.colcon_core.package_discovery:Crawling recursively for packages in '/home/oreki/yolov5'
[0.245s] Level 1:colcon.colcon_core.package_identification:_identify(.) by extensions ['ignore', 'ignore_ament_install']
[0.245s] Level 1:colcon.colcon_core.package_identification:_identify(.) by extension 'ignore'
[0.245s] Level 1:colcon.colcon_core.package_identification:_identify(.) by extension 'ignore_ament_install'
[0.245s] Level 1:colcon.colcon_core.package_identification:_identify(.) by extensions ['colcon_pkg']
[0.245s] Level 1:colcon.colcon_core.package_identification:_identify(.) by extension 'colcon_pkg'
[0.245s] Level 1:colcon.colcon_core.package_identification:_identify(.) by extensions ['colcon_meta']
[0.246s] Level 1:colcon.colcon_core.package_identification:_identify(.) by extension 'colcon_meta'
[0.246s] Level 1:colcon.colcon_core.package_identification:_identify(.) by extensions ['ros']
[0.246s] Level 1:colcon.colcon_core.package_identification:_identify(.) by extension 'ros'
[0.248s] Level 1:colcon.colcon_core.package_identification:_identify(.) by extensions ['cmake', 'python']
[0.248s] Level 1:colcon.colcon_core.package_identification:_identify(.) by extension 'cmake'
[0.248s] Level 1:colcon.colcon_core.package_identification:_identify(.) by extension 'python'
[0.248s] Level 1:colcon.colcon_core.package_identification:_identify(.) by extensions ['python_setup_py']
[0.248s] Level 1:colcon.colcon_core.package_identification:_identify(.) by extension 'python_setup_py'
[0.248s] Level 1:colcon.colcon_core.package_identification:_identify(__pycache__) by extensions ['ignore', 'ignore_ament_install']
[0.248s] Level 1:colcon.colcon_core.package_identification:_identify(__pycache__) by extension 'ignore'
[0.248s] Level 1:colcon.colcon_core.package_identification:_identify(__pycache__) by extension 'ignore_ament_install'
[0.248s] Level 1:colcon.colcon_core.package_identification:_identify(__pycache__) by extensions ['colcon_pkg']
[0.248s] Level 1:colcon.colcon_core.package_identification:_identify(__pycache__) by extension 'colcon_pkg'
[0.248s] Level 1:colcon.colcon_core.package_identification:_identify(__pycache__) by extensions ['colcon_meta']
[0.248s] Level 1:colcon.colcon_core.package_identification:_identify(__pycache__) by extension 'colcon_meta'
[0.248s] Level 1:colcon.colcon_core.package_identification:_identify(__pycache__) by extensions ['ros']
[0.248s] Level 1:colcon.colcon_core.package_identification:_identify(__pycache__) by extension 'ros'
[0.248s] Level 1:colcon.colcon_core.package_identification:_identify(__pycache__) by extensions ['cmake', 'python']
[0.248s] Level 1:colcon.colcon_core.package_identification:_identify(__pycache__) by extension 'cmake'
[0.248s] Level 1:colcon.colcon_core.package_identification:_identify(__pycache__) by extension 'python'
[0.248s] Level 1:colcon.colcon_core.package_identification:_identify(__pycache__) by extensions ['python_setup_py']
[0.248s] Level 1:colcon.colcon_core.package_identification:_identify(__pycache__) by extension 'python_setup_py'
[0.248s] Level 1:colcon.colcon_core.package_identification:_identify(build) by extensions ['ignore', 'ignore_ament_install']
[0.248s] Level 1:colcon.colcon_core.package_identification:_identify(build) by extension 'ignore'
[0.248s] Level 1:colcon.colcon_core.package_identification:_identify(build) ignored
[0.248s] Level 1:colcon.colcon_core.package_identification:_identify(classify) by extensions ['ignore', 'ignore_ament_install']
[0.248s] Level 1:colcon.colcon_core.package_identification:_identify(classify) by extension 'ignore'
[0.248s] Level 1:colcon.colcon_core.package_identification:_identify(classify) by extension 'ignore_ament_install'
[0.248s] Level 1:colcon.colcon_core.package_identification:_identify(classify) by extensions ['colcon_pkg']
[0.248s] Level 1:colcon.colcon_core.package_identification:_identify(classify) by extension 'colcon_pkg'
[0.248s] Level 1:colcon.colcon_core.package_identification:_identify(classify) by extensions ['colcon_meta']
[0.249s] Level 1:colcon.colcon_core.package_identification:_identify(classify) by extension 'colcon_meta'
[0.249s] Level 1:colcon.colcon_core.package_identification:_identify(classify) by extensions ['ros']
[0.249s] Level 1:colcon.colcon_core.package_identification:_identify(classify) by extension 'ros'
[0.249s] Level 1:colcon.colcon_core.package_identification:_identify(classify) by extensions ['cmake', 'python']
[0.249s] Level 1:colcon.colcon_core.package_identification:_identify(classify) by extension 'cmake'
[0.249s] Level 1:colcon.colcon_core.package_identification:_identify(classify) by extension 'python'
[0.249s] Level 1:colcon.colcon_core.package_identification:_identify(classify) by extensions ['python_setup_py']
[0.249s] Level 1:colcon.colcon_core.package_identification:_identify(classify) by extension 'python_setup_py'
[0.249s] Level 1:colcon.colcon_core.package_identification:_identify(data) by extensions ['ignore', 'ignore_ament_install']
[0.249s] Level 1:colcon.colcon_core.package_identification:_identify(data) by extension 'ignore'
[0.249s] Level 1:colcon.colcon_core.package_identification:_identify(data) by extension 'ignore_ament_install'
[0.249s] Level 1:colcon.colcon_core.package_identification:_identify(data) by extensions ['colcon_pkg']
[0.249s] Level 1:colcon.colcon_core.package_identification:_identify(data) by extension 'colcon_pkg'
[0.249s] Level 1:colcon.colcon_core.package_identification:_identify(data) by extensions ['colcon_meta']
[0.249s] Level 1:colcon.colcon_core.package_identification:_identify(data) by extension 'colcon_meta'
[0.249s] Level 1:colcon.colcon_core.package_identification:_identify(data) by extensions ['ros']
[0.249s] Level 1:colcon.colcon_core.package_identification:_identify(data) by extension 'ros'
[0.249s] Level 1:colcon.colcon_core.package_identification:_identify(data) by extensions ['cmake', 'python']
[0.249s] Level 1:colcon.colcon_core.package_identification:_identify(data) by extension 'cmake'
[0.249s] Level 1:colcon.colcon_core.package_identification:_identify(data) by extension 'python'
[0.249s] Level 1:colcon.colcon_core.package_identification:_identify(data) by extensions ['python_setup_py']
[0.249s] Level 1:colcon.colcon_core.package_identification:_identify(data) by extension 'python_setup_py'
[0.249s] Level 1:colcon.colcon_core.package_identification:_identify(data/hyps) by extensions ['ignore', 'ignore_ament_install']
[0.249s] Level 1:colcon.colcon_core.package_identification:_identify(data/hyps) by extension 'ignore'
[0.249s] Level 1:colcon.colcon_core.package_identification:_identify(data/hyps) by extension 'ignore_ament_install'
[0.249s] Level 1:colcon.colcon_core.package_identification:_identify(data/hyps) by extensions ['colcon_pkg']
[0.249s] Level 1:colcon.colcon_core.package_identification:_identify(data/hyps) by extension 'colcon_pkg'
[0.249s] Level 1:colcon.colcon_core.package_identification:_identify(data/hyps) by extensions ['colcon_meta']
[0.249s] Level 1:colcon.colcon_core.package_identification:_identify(data/hyps) by extension 'colcon_meta'
[0.249s] Level 1:colcon.colcon_core.package_identification:_identify(data/hyps) by extensions ['ros']
[0.249s] Level 1:colcon.colcon_core.package_identification:_identify(data/hyps) by extension 'ros'
[0.249s] Level 1:colcon.colcon_core.package_identification:_identify(data/hyps) by extensions ['cmake', 'python']
[0.249s] Level 1:colcon.colcon_core.package_identification:_identify(data/hyps) by extension 'cmake'
[0.249s] Level 1:colcon.colcon_core.package_identification:_identify(data/hyps) by extension 'python'
[0.249s] Level 1:colcon.colcon_core.package_identification:_identify(data/hyps) by extensions ['python_setup_py']
[0.249s] Level 1:colcon.colcon_core.package_identification:_identify(data/hyps) by extension 'python_setup_py'
[0.250s] Level 1:colcon.colcon_core.package_identification:_identify(data/images) by extensions ['ignore', 'ignore_ament_install']
[0.250s] Level 1:colcon.colcon_core.package_identification:_identify(data/images) by extension 'ignore'
[0.250s] Level 1:colcon.colcon_core.package_identification:_identify(data/images) by extension 'ignore_ament_install'
[0.250s] Level 1:colcon.colcon_core.package_identification:_identify(data/images) by extensions ['colcon_pkg']
[0.250s] Level 1:colcon.colcon_core.package_identification:_identify(data/images) by extension 'colcon_pkg'
[0.250s] Level 1:colcon.colcon_core.package_identification:_identify(data/images) by extensions ['colcon_meta']
[0.250s] Level 1:colcon.colcon_core.package_identification:_identify(data/images) by extension 'colcon_meta'
[0.250s] Level 1:colcon.colcon_core.package_identification:_identify(data/images) by extensions ['ros']
[0.250s] Level 1:colcon.colcon_core.package_identification:_identify(data/images) by extension 'ros'
[0.250s] Level 1:colcon.colcon_core.package_identification:_identify(data/images) by extensions ['cmake', 'python']
[0.250s] Level 1:colcon.colcon_core.package_identification:_identify(data/images) by extension 'cmake'
[0.250s] Level 1:colcon.colcon_core.package_identification:_identify(data/images) by extension 'python'
[0.250s] Level 1:colcon.colcon_core.package_identification:_identify(data/images) by extensions ['python_setup_py']
[0.250s] Level 1:colcon.colcon_core.package_identification:_identify(data/images) by extension 'python_setup_py'
[0.250s] Level 1:colcon.colcon_core.package_identification:_identify(data/scripts) by extensions ['ignore', 'ignore_ament_install']
[0.250s] Level 1:colcon.colcon_core.package_identification:_identify(data/scripts) by extension 'ignore'
[0.250s] Level 1:colcon.colcon_core.package_identification:_identify(data/scripts) by extension 'ignore_ament_install'
[0.250s] Level 1:colcon.colcon_core.package_identification:_identify(data/scripts) by extensions ['colcon_pkg']
[0.250s] Level 1:colcon.colcon_core.package_identification:_identify(data/scripts) by extension 'colcon_pkg'
[0.250s] Level 1:colcon.colcon_core.package_identification:_identify(data/scripts) by extensions ['colcon_meta']
[0.250s] Level 1:colcon.colcon_core.package_identification:_identify(data/scripts) by extension 'colcon_meta'
[0.250s] Level 1:colcon.colcon_core.package_identification:_identify(data/scripts) by extensions ['ros']
[0.250s] Level 1:colcon.colcon_core.package_identification:_identify(data/scripts) by extension 'ros'
[0.250s] Level 1:colcon.colcon_core.package_identification:_identify(data/scripts) by extensions ['cmake', 'python']
[0.250s] Level 1:colcon.colcon_core.package_identification:_identify(data/scripts) by extension 'cmake'
[0.250s] Level 1:colcon.colcon_core.package_identification:_identify(data/scripts) by extension 'python'
[0.250s] Level 1:colcon.colcon_core.package_identification:_identify(data/scripts) by extensions ['python_setup_py']
[0.250s] Level 1:colcon.colcon_core.package_identification:_identify(data/scripts) by extension 'python_setup_py'
[0.250s] Level 1:colcon.colcon_core.package_identification:_identify(install) by extensions ['ignore', 'ignore_ament_install']
[0.250s] Level 1:colcon.colcon_core.package_identification:_identify(install) by extension 'ignore'
[0.250s] Level 1:colcon.colcon_core.package_identification:_identify(install) ignored
[0.250s] Level 1:colcon.colcon_core.package_identification:_identify(log) by extensions ['ignore', 'ignore_ament_install']
[0.250s] Level 1:colcon.colcon_core.package_identification:_identify(log) by extension 'ignore'
[0.250s] Level 1:colcon.colcon_core.package_identification:_identify(log) ignored
[0.251s] Level 1:colcon.colcon_core.package_identification:_identify(models) by extensions ['ignore', 'ignore_ament_install']
[0.251s] Level 1:colcon.colcon_core.package_identification:_identify(models) by extension 'ignore'
[0.251s] Level 1:colcon.colcon_core.package_identification:_identify(models) by extension 'ignore_ament_install'
[0.251s] Level 1:colcon.colcon_core.package_identification:_identify(models) by extensions ['colcon_pkg']
[0.251s] Level 1:colcon.colcon_core.package_identification:_identify(models) by extension 'colcon_pkg'
[0.251s] Level 1:colcon.colcon_core.package_identification:_identify(models) by extensions ['colcon_meta']
[0.251s] Level 1:colcon.colcon_core.package_identification:_identify(models) by extension 'colcon_meta'
[0.251s] Level 1:colcon.colcon_core.package_identification:_identify(models) by extensions ['ros']
[0.251s] Level 1:colcon.colcon_core.package_identification:_identify(models) by extension 'ros'
[0.251s] Level 1:colcon.colcon_core.package_identification:_identify(models) by extensions ['cmake', 'python']
[0.251s] Level 1:colcon.colcon_core.package_identification:_identify(models) by extension 'cmake'
[0.251s] Level 1:colcon.colcon_core.package_identification:_identify(models) by extension 'python'
[0.251s] Level 1:colcon.colcon_core.package_identification:_identify(models) by extensions ['python_setup_py']
[0.251s] Level 1:colcon.colcon_core.package_identification:_identify(models) by extension 'python_setup_py'
[0.251s] Level 1:colcon.colcon_core.package_identification:_identify(models/__pycache__) by extensions ['ignore', 'ignore_ament_install']
[0.251s] Level 1:colcon.colcon_core.package_identification:_identify(models/__pycache__) by extension 'ignore'
[0.251s] Level 1:colcon.colcon_core.package_identification:_identify(models/__pycache__) by extension 'ignore_ament_install'
[0.251s] Level 1:colcon.colcon_core.package_identification:_identify(models/__pycache__) by extensions ['colcon_pkg']
[0.251s] Level 1:colcon.colcon_core.package_identification:_identify(models/__pycache__) by extension 'colcon_pkg'
[0.251s] Level 1:colcon.colcon_core.package_identification:_identify(models/__pycache__) by extensions ['colcon_meta']
[0.251s] Level 1:colcon.colcon_core.package_identification:_identify(models/__pycache__) by extension 'colcon_meta'
[0.251s] Level 1:colcon.colcon_core.package_identification:_identify(models/__pycache__) by extensions ['ros']
[0.251s] Level 1:colcon.colcon_core.package_identification:_identify(models/__pycache__) by extension 'ros'
[0.251s] Level 1:colcon.colcon_core.package_identification:_identify(models/__pycache__) by extensions ['cmake', 'python']
[0.251s] Level 1:colcon.colcon_core.package_identification:_identify(models/__pycache__) by extension 'cmake'
[0.251s] Level 1:colcon.colcon_core.package_identification:_identify(models/__pycache__) by extension 'python'
[0.252s] Level 1:colcon.colcon_core.package_identification:_identify(models/__pycache__) by extensions ['python_setup_py']
[0.252s] Level 1:colcon.colcon_core.package_identification:_identify(models/__pycache__) by extension 'python_setup_py'
[0.252s] Level 1:colcon.colcon_core.package_identification:_identify(models/hub) by extensions ['ignore', 'ignore_ament_install']
[0.252s] Level 1:colcon.colcon_core.package_identification:_identify(models/hub) by extension 'ignore'
[0.252s] Level 1:colcon.colcon_core.package_identification:_identify(models/hub) by extension 'ignore_ament_install'
[0.252s] Level 1:colcon.colcon_core.package_identification:_identify(models/hub) by extensions ['colcon_pkg']
[0.252s] Level 1:colcon.colcon_core.package_identification:_identify(models/hub) by extension 'colcon_pkg'
[0.252s] Level 1:colcon.colcon_core.package_identification:_identify(models/hub) by extensions ['colcon_meta']
[0.252s] Level 1:colcon.colcon_core.package_identification:_identify(models/hub) by extension 'colcon_meta'
[0.252s] Level 1:colcon.colcon_core.package_identification:_identify(models/hub) by extensions ['ros']
[0.252s] Level 1:colcon.colcon_core.package_identification:_identify(models/hub) by extension 'ros'
[0.252s] Level 1:colcon.colcon_core.package_identification:_identify(models/hub) by extensions ['cmake', 'python']
[0.252s] Level 1:colcon.colcon_core.package_identification:_identify(models/hub) by extension 'cmake'
[0.252s] Level 1:colcon.colcon_core.package_identification:_identify(models/hub) by extension 'python'
[0.252s] Level 1:colcon.colcon_core.package_identification:_identify(models/hub) by extensions ['python_setup_py']
[0.252s] Level 1:colcon.colcon_core.package_identification:_identify(models/hub) by extension 'python_setup_py'
[0.252s] Level 1:colcon.colcon_core.package_identification:_identify(models/segment) by extensions ['ignore', 'ignore_ament_install']
[0.252s] Level 1:colcon.colcon_core.package_identification:_identify(models/segment) by extension 'ignore'
[0.252s] Level 1:colcon.colcon_core.package_identification:_identify(models/segment) by extension 'ignore_ament_install'
[0.252s] Level 1:colcon.colcon_core.package_identification:_identify(models/segment) by extensions ['colcon_pkg']
[0.252s] Level 1:colcon.colcon_core.package_identification:_identify(models/segment) by extension 'colcon_pkg'
[0.252s] Level 1:colcon.colcon_core.package_identification:_identify(models/segment) by extensions ['colcon_meta']
[0.252s] Level 1:colcon.colcon_core.package_identification:_identify(models/segment) by extension 'colcon_meta'
[0.252s] Level 1:colcon.colcon_core.package_identification:_identify(models/segment) by extensions ['ros']
[0.252s] Level 1:colcon.colcon_core.package_identification:_identify(models/segment) by extension 'ros'
[0.252s] Level 1:colcon.colcon_core.package_identification:_identify(models/segment) by extensions ['cmake', 'python']
[0.252s] Level 1:colcon.colcon_core.package_identification:_identify(models/segment) by extension 'cmake'
[0.252s] Level 1:colcon.colcon_core.package_identification:_identify(models/segment) by extension 'python'
[0.252s] Level 1:colcon.colcon_core.package_identification:_identify(models/segment) by extensions ['python_setup_py']
[0.252s] Level 1:colcon.colcon_core.package_identification:_identify(models/segment) by extension 'python_setup_py'
[0.253s] Level 1:colcon.colcon_core.package_identification:_identify(runs) by extensions ['ignore', 'ignore_ament_install']
[0.253s] Level 1:colcon.colcon_core.package_identification:_identify(runs) by extension 'ignore'
[0.253s] Level 1:colcon.colcon_core.package_identification:_identify(runs) by extension 'ignore_ament_install'
[0.253s] Level 1:colcon.colcon_core.package_identification:_identify(runs) by extensions ['colcon_pkg']
[0.253s] Level 1:colcon.colcon_core.package_identification:_identify(runs) by extension 'colcon_pkg'
[0.253s] Level 1:colcon.colcon_core.package_identification:_identify(runs) by extensions ['colcon_meta']
[0.253s] Level 1:colcon.colcon_core.package_identification:_identify(runs) by extension 'colcon_meta'
[0.253s] Level 1:colcon.colcon_core.package_identification:_identify(runs) by extensions ['ros']
[0.253s] Level 1:colcon.colcon_core.package_identification:_identify(runs) by extension 'ros'
[0.253s] Level 1:colcon.colcon_core.package_identification:_identify(runs) by extensions ['cmake', 'python']
[0.253s] Level 1:colcon.colcon_core.package_identification:_identify(runs) by extension 'cmake'
[0.253s] Level 1:colcon.colcon_core.package_identification:_identify(runs) by extension 'python'
[0.253s] Level 1:colcon.colcon_core.package_identification:_identify(runs) by extensions ['python_setup_py']
[0.253s] Level 1:colcon.colcon_core.package_identification:_identify(runs) by extension 'python_setup_py'
[0.253s] Level 1:colcon.colcon_core.package_identification:_identify(runs/detect) by extensions ['ignore', 'ignore_ament_install']
[0.253s] Level 1:colcon.colcon_core.package_identification:_identify(runs/detect) by extension 'ignore'
[0.253s] Level 1:colcon.colcon_core.package_identification:_identify(runs/detect) by extension 'ignore_ament_install'
[0.253s] Level 1:colcon.colcon_core.package_identification:_identify(runs/detect) by extensions ['colcon_pkg']
[0.253s] Level 1:colcon.colcon_core.package_identification:_identify(runs/detect) by extension 'colcon_pkg'
[0.253s] Level 1:colcon.colcon_core.package_identification:_identify(runs/detect) by extensions ['colcon_meta']
[0.253s] Level 1:colcon.colcon_core.package_identification:_identify(runs/detect) by extension 'colcon_meta'
[0.253s] Level 1:colcon.colcon_core.package_identification:_identify(runs/detect) by extensions ['ros']
[0.253s] Level 1:colcon.colcon_core.package_identification:_identify(runs/detect) by extension 'ros'
[0.253s] Level 1:colcon.colcon_core.package_identification:_identify(runs/detect) by extensions ['cmake', 'python']
[0.253s] Level 1:colcon.colcon_core.package_identification:_identify(runs/detect) by extension 'cmake'
[0.253s] Level 1:colcon.colcon_core.package_identification:_identify(runs/detect) by extension 'python'
[0.253s] Level 1:colcon.colcon_core.package_identification:_identify(runs/detect) by extensions ['python_setup_py']
[0.253s] Level 1:colcon.colcon_core.package_identification:_identify(runs/detect) by extension 'python_setup_py'
[0.253s] Level 1:colcon.colcon_core.package_identification:_identify(runs/detect/exp) by extensions ['ignore', 'ignore_ament_install']
[0.254s] Level 1:colcon.colcon_core.package_identification:_identify(runs/detect/exp) by extension 'ignore'
[0.254s] Level 1:colcon.colcon_core.package_identification:_identify(runs/detect/exp) by extension 'ignore_ament_install'
[0.254s] Level 1:colcon.colcon_core.package_identification:_identify(runs/detect/exp) by extensions ['colcon_pkg']
[0.254s] Level 1:colcon.colcon_core.package_identification:_identify(runs/detect/exp) by extension 'colcon_pkg'
[0.254s] Level 1:colcon.colcon_core.package_identification:_identify(runs/detect/exp) by extensions ['colcon_meta']
[0.254s] Level 1:colcon.colcon_core.package_identification:_identify(runs/detect/exp) by extension 'colcon_meta'
[0.254s] Level 1:colcon.colcon_core.package_identification:_identify(runs/detect/exp) by extensions ['ros']
[0.254s] Level 1:colcon.colcon_core.package_identification:_identify(runs/detect/exp) by extension 'ros'
[0.254s] Level 1:colcon.colcon_core.package_identification:_identify(runs/detect/exp) by extensions ['cmake', 'python']
[0.254s] Level 1:colcon.colcon_core.package_identification:_identify(runs/detect/exp) by extension 'cmake'
[0.254s] Level 1:colcon.colcon_core.package_identification:_identify(runs/detect/exp) by extension 'python'
[0.254s] Level 1:colcon.colcon_core.package_identification:_identify(runs/detect/exp) by extensions ['python_setup_py']
[0.254s] Level 1:colcon.colcon_core.package_identification:_identify(runs/detect/exp) by extension 'python_setup_py'
[0.254s] Level 1:colcon.colcon_core.package_identification:_identify(runs/detect/exp10) by extensions ['ignore', 'ignore_ament_install']
[0.254s] Level 1:colcon.colcon_core.package_identification:_identify(runs/detect/exp10) by extension 'ignore'
[0.254s] Level 1:colcon.colcon_core.package_identification:_identify(runs/detect/exp10) by extension 'ignore_ament_install'
[0.254s] Level 1:colcon.colcon_core.package_identification:_identify(runs/detect/exp10) by extensions ['colcon_pkg']
[0.254s] Level 1:colcon.colcon_core.package_identification:_identify(runs/detect/exp10) by extension 'colcon_pkg'
[0.254s] Level 1:colcon.colcon_core.package_identification:_identify(runs/detect/exp10) by extensions ['colcon_meta']
[0.254s] Level 1:colcon.colcon_core.package_identification:_identify(runs/detect/exp10) by extension 'colcon_meta'
[0.254s] Level 1:colcon.colcon_core.package_identification:_identify(runs/detect/exp10) by extensions ['ros']
[0.254s] Level 1:colcon.colcon_core.package_identification:_identify(runs/detect/exp10) by extension 'ros'
[0.254s] Level 1:colcon.colcon_core.package_identification:_identify(runs/detect/exp10) by extensions ['cmake', 'python']
[0.254s] Level 1:colcon.colcon_core.package_identification:_identify(runs/detect/exp10) by extension 'cmake'
[0.254s] Level 1:colcon.colcon_core.package_identification:_identify(runs/detect/exp10) by extension 'python'
[0.254s] Level 1:colcon.colcon_core.package_identification:_identify(runs/detect/exp10) by extensions ['python_setup_py']
[0.254s] Level 1:colcon.colcon_core.package_identification:_identify(runs/detect/exp10) by extension 'python_setup_py'
[0.254s] Level 1:colcon.colcon_core.package_identification:_identify(runs/detect/exp11) by extensions ['ignore', 'ignore_ament_install']
[0.254s] Level 1:colcon.colcon_core.package_identification:_identify(runs/detect/exp11) by extension 'ignore'
[0.254s] Level 1:colcon.colcon_core.package_identification:_identify(runs/detect/exp11) by extension 'ignore_ament_install'
[0.254s] Level 1:colcon.colcon_core.package_identification:_identify(runs/detect/exp11) by extensions ['colcon_pkg']
[0.254s] Level 1:colcon.colcon_core.package_identification:_identify(runs/detect/exp11) by extension 'colcon_pkg'
[0.254s] Level 1:colcon.colcon_core.package_identification:_identify(runs/detect/exp11) by extensions ['colcon_meta']
[0.254s] Level 1:colcon.colcon_core.package_identification:_identify(runs/detect/exp11) by extension 'colcon_meta'
[0.254s] Level 1:colcon.colcon_core.package_identification:_identify(runs/detect/exp11) by extensions ['ros']
[0.254s] Level 1:colcon.colcon_core.package_identification:_identify(runs/detect/exp11) by extension 'ros'
[0.254s] Level 1:colcon.colcon_core.package_identification:_identify(runs/detect/exp11) by extensions ['cmake', 'python']
[0.254s] Level 1:colcon.colcon_core.package_identification:_identify(runs/detect/exp11) by extension 'cmake'
[0.254s] Level 1:colcon.colcon_core.package_identification:_identify(runs/detect/exp11) by extension 'python'
[0.254s] Level 1:colcon.colcon_core.package_identification:_identify(runs/detect/exp11) by extensions ['python_setup_py']
[0.254s] Level 1:colcon.colcon_core.package_identification:_identify(runs/detect/exp11) by extension 'python_setup_py'
[0.255s] Level 1:colcon.colcon_core.package_identification:_identify(runs/detect/exp12) by extensions ['ignore', 'ignore_ament_install']
[0.255s] Level 1:colcon.colcon_core.package_identification:_identify(runs/detect/exp12) by extension 'ignore'
[0.255s] Level 1:colcon.colcon_core.package_identification:_identify(runs/detect/exp12) by extension 'ignore_ament_install'
[0.255s] Level 1:colcon.colcon_core.package_identification:_identify(runs/detect/exp12) by extensions ['colcon_pkg']
[0.255s] Level 1:colcon.colcon_core.package_identification:_identify(runs/detect/exp12) by extension 'colcon_pkg'
[0.255s] Level 1:colcon.colcon_core.package_identification:_identify(runs/detect/exp12) by extensions ['colcon_meta']
[0.255s] Level 1:colcon.colcon_core.package_identification:_identify(runs/detect/exp12) by extension 'colcon_meta'
[0.255s] Level 1:colcon.colcon_core.package_identification:_identify(runs/detect/exp12) by extensions ['ros']
[0.255s] Level 1:colcon.colcon_core.package_identification:_identify(runs/detect/exp12) by extension 'ros'
[0.255s] Level 1:colcon.colcon_core.package_identification:_identify(runs/detect/exp12) by extensions ['cmake', 'python']
[0.255s] Level 1:colcon.colcon_core.package_identification:_identify(runs/detect/exp12) by extension 'cmake'
[0.255s] Level 1:colcon.colcon_core.package_identification:_identify(runs/detect/exp12) by extension 'python'
[0.255s] Level 1:colcon.colcon_core.package_identification:_identify(runs/detect/exp12) by extensions ['python_setup_py']
[0.255s] Level 1:colcon.colcon_core.package_identification:_identify(runs/detect/exp12) by extension 'python_setup_py'
[0.255s] Level 1:colcon.colcon_core.package_identification:_identify(runs/detect/exp13) by extensions ['ignore', 'ignore_ament_install']
[0.255s] Level 1:colcon.colcon_core.package_identification:_identify(runs/detect/exp13) by extension 'ignore'
[0.255s] Level 1:colcon.colcon_core.package_identification:_identify(runs/detect/exp13) by extension 'ignore_ament_install'
[0.255s] Level 1:colcon.colcon_core.package_identification:_identify(runs/detect/exp13) by extensions ['colcon_pkg']
[0.255s] Level 1:colcon.colcon_core.package_identification:_identify(runs/detect/exp13) by extension 'colcon_pkg'
[0.255s] Level 1:colcon.colcon_core.package_identification:_identify(runs/detect/exp13) by extensions ['colcon_meta']
[0.255s] Level 1:colcon.colcon_core.package_identification:_identify(runs/detect/exp13) by extension 'colcon_meta'
[0.255s] Level 1:colcon.colcon_core.package_identification:_identify(runs/detect/exp13) by extensions ['ros']
[0.255s] Level 1:colcon.colcon_core.package_identification:_identify(runs/detect/exp13) by extension 'ros'
[0.255s] Level 1:colcon.colcon_core.package_identification:_identify(runs/detect/exp13) by extensions ['cmake', 'python']
[0.255s] Level 1:colcon.colcon_core.package_identification:_identify(runs/detect/exp13) by extension 'cmake'
[0.255s] Level 1:colcon.colcon_core.package_identification:_identify(runs/detect/exp13) by extension 'python'
[0.255s] Level 1:colcon.colcon_core.package_identification:_identify(runs/detect/exp13) by extensions ['python_setup_py']
[0.255s] Level 1:colcon.colcon_core.package_identification:_identify(runs/detect/exp13) by extension 'python_setup_py'
[0.256s] Level 1:colcon.colcon_core.package_identification:_identify(runs/detect/exp14) by extensions ['ignore', 'ignore_ament_install']
[0.256s] Level 1:colcon.colcon_core.package_identification:_identify(runs/detect/exp14) by extension 'ignore'
[0.256s] Level 1:colcon.colcon_core.package_identification:_identify(runs/detect/exp14) by extension 'ignore_ament_install'
[0.256s] Level 1:colcon.colcon_core.package_identification:_identify(runs/detect/exp14) by extensions ['colcon_pkg']
[0.256s] Level 1:colcon.colcon_core.package_identification:_identify(runs/detect/exp14) by extension 'colcon_pkg'
[0.256s] Level 1:colcon.colcon_core.package_identification:_identify(runs/detect/exp14) by extensions ['colcon_meta']
[0.256s] Level 1:colcon.colcon_core.package_identification:_identify(runs/detect/exp14) by extension 'colcon_meta'
[0.256s] Level 1:colcon.colcon_core.package_identification:_identify(runs/detect/exp14) by extensions ['ros']
[0.256s] Level 1:colcon.colcon_core.package_identification:_identify(runs/detect/exp14) by extension 'ros'
[0.256s] Level 1:colcon.colcon_core.package_identification:_identify(runs/detect/exp14) by extensions ['cmake', 'python']
[0.256s] Level 1:colcon.colcon_core.package_identification:_identify(runs/detect/exp14) by extension 'cmake'
[0.256s] Level 1:colcon.colcon_core.package_identification:_identify(runs/detect/exp14) by extension 'python'
[0.256s] Level 1:colcon.colcon_core.package_identification:_identify(runs/detect/exp14) by extensions ['python_setup_py']
[0.256s] Level 1:colcon.colcon_core.package_identification:_identify(runs/detect/exp14) by extension 'python_setup_py'
[0.256s] Level 1:colcon.colcon_core.package_identification:_identify(runs/detect/exp15) by extensions ['ignore', 'ignore_ament_install']
[0.256s] Level 1:colcon.colcon_core.package_identification:_identify(runs/detect/exp15) by extension 'ignore'
[0.256s] Level 1:colcon.colcon_core.package_identification:_identify(runs/detect/exp15) by extension 'ignore_ament_install'
[0.256s] Level 1:colcon.colcon_core.package_identification:_identify(runs/detect/exp15) by extensions ['colcon_pkg']
[0.256s] Level 1:colcon.colcon_core.package_identification:_identify(runs/detect/exp15) by extension 'colcon_pkg'
[0.256s] Level 1:colcon.colcon_core.package_identification:_identify(runs/detect/exp15) by extensions ['colcon_meta']
[0.256s] Level 1:colcon.colcon_core.package_identification:_identify(runs/detect/exp15) by extension 'colcon_meta'
[0.256s] Level 1:colcon.colcon_core.package_identification:_identify(runs/detect/exp15) by extensions ['ros']
[0.256s] Level 1:colcon.colcon_core.package_identification:_identify(runs/detect/exp15) by extension 'ros'
[0.256s] Level 1:colcon.colcon_core.package_identification:_identify(runs/detect/exp15) by extensions ['cmake', 'python']
[0.256s] Level 1:colcon.colcon_core.package_identification:_identify(runs/detect/exp15) by extension 'cmake'
[0.256s] Level 1:colcon.colcon_core.package_identification:_identify(runs/detect/exp15) by extension 'python'
[0.256s] Level 1:colcon.colcon_core.package_identification:_identify(runs/detect/exp15) by extensions ['python_setup_py']
[0.256s] Level 1:colcon.colcon_core.package_identification:_identify(runs/detect/exp15) by extension 'python_setup_py'
[0.256s] Level 1:colcon.colcon_core.package_identification:_identify(runs/detect/exp16) by extensions ['ignore', 'ignore_ament_install']
[0.256s] Level 1:colcon.colcon_core.package_identification:_identify(runs/detect/exp16) by extension 'ignore'
[0.256s] Level 1:colcon.colcon_core.package_identification:_identify(runs/detect/exp16) by extension 'ignore_ament_install'
[0.256s] Level 1:colcon.colcon_core.package_identification:_identify(runs/detect/exp16) by extensions ['colcon_pkg']
[0.256s] Level 1:colcon.colcon_core.package_identification:_identify(runs/detect/exp16) by extension 'colcon_pkg'
[0.256s] Level 1:colcon.colcon_core.package_identification:_identify(runs/detect/exp16) by extensions ['colcon_meta']
[0.257s] Level 1:colcon.colcon_core.package_identification:_identify(runs/detect/exp16) by extension 'colcon_meta'
[0.257s] Level 1:colcon.colcon_core.package_identification:_identify(runs/detect/exp16) by extensions ['ros']
[0.257s] Level 1:colcon.colcon_core.package_identification:_identify(runs/detect/exp16) by extension 'ros'
[0.257s] Level 1:colcon.colcon_core.package_identification:_identify(runs/detect/exp16) by extensions ['cmake', 'python']
[0.257s] Level 1:colcon.colcon_core.package_identification:_identify(runs/detect/exp16) by extension 'cmake'
[0.257s] Level 1:colcon.colcon_core.package_identification:_identify(runs/detect/exp16) by extension 'python'
[0.257s] Level 1:colcon.colcon_core.package_identification:_identify(runs/detect/exp16) by extensions ['python_setup_py']
[0.257s] Level 1:colcon.colcon_core.package_identification:_identify(runs/detect/exp16) by extension 'python_setup_py'
[0.257s] Level 1:colcon.colcon_core.package_identification:_identify(runs/detect/exp17) by extensions ['ignore', 'ignore_ament_install']
[0.257s] Level 1:colcon.colcon_core.package_identification:_identify(runs/detect/exp17) by extension 'ignore'
[0.257s] Level 1:colcon.colcon_core.package_identification:_identify(runs/detect/exp17) by extension 'ignore_ament_install'
[0.257s] Level 1:colcon.colcon_core.package_identification:_identify(runs/detect/exp17) by extensions ['colcon_pkg']
[0.257s] Level 1:colcon.colcon_core.package_identification:_identify(runs/detect/exp17) by extension 'colcon_pkg'
[0.257s] Level 1:colcon.colcon_core.package_identification:_identify(runs/detect/exp17) by extensions ['colcon_meta']
[0.257s] Level 1:colcon.colcon_core.package_identification:_identify(runs/detect/exp17) by extension 'colcon_meta'
[0.257s] Level 1:colcon.colcon_core.package_identification:_identify(runs/detect/exp17) by extensions ['ros']
[0.257s] Level 1:colcon.colcon_core.package_identification:_identify(runs/detect/exp17) by extension 'ros'
[0.257s] Level 1:colcon.colcon_core.package_identification:_identify(runs/detect/exp17) by extensions ['cmake', 'python']
[0.257s] Level 1:colcon.colcon_core.package_identification:_identify(runs/detect/exp17) by extension 'cmake'
[0.257s] Level 1:colcon.colcon_core.package_identification:_identify(runs/detect/exp17) by extension 'python'
[0.257s] Level 1:colcon.colcon_core.package_identification:_identify(runs/detect/exp17) by extensions ['python_setup_py']
[0.257s] Level 1:colcon.colcon_core.package_identification:_identify(runs/detect/exp17) by extension 'python_setup_py'
[0.257s] Level 1:colcon.colcon_core.package_identification:_identify(runs/detect/exp18) by extensions ['ignore', 'ignore_ament_install']
[0.257s] Level 1:colcon.colcon_core.package_identification:_identify(runs/detect/exp18) by extension 'ignore'
[0.257s] Level 1:colcon.colcon_core.package_identification:_identify(runs/detect/exp18) by extension 'ignore_ament_install'
[0.257s] Level 1:colcon.colcon_core.package_identification:_identify(runs/detect/exp18) by extensions ['colcon_pkg']
[0.257s] Level 1:colcon.colcon_core.package_identification:_identify(runs/detect/exp18) by extension 'colcon_pkg'
[0.257s] Level 1:colcon.colcon_core.package_identification:_identify(runs/detect/exp18) by extensions ['colcon_meta']
[0.257s] Level 1:colcon.colcon_core.package_identification:_identify(runs/detect/exp18) by extension 'colcon_meta'
[0.257s] Level 1:colcon.colcon_core.package_identification:_identify(runs/detect/exp18) by extensions ['ros']
[0.257s] Level 1:colcon.colcon_core.package_identification:_identify(runs/detect/exp18) by extension 'ros'
[0.257s] Level 1:colcon.colcon_core.package_identification:_identify(runs/detect/exp18) by extensions ['cmake', 'python']
[0.257s] Level 1:colcon.colcon_core.package_identification:_identify(runs/detect/exp18) by extension 'cmake'
[0.258s] Level 1:colcon.colcon_core.package_identification:_identify(runs/detect/exp18) by extension 'python'
[0.258s] Level 1:colcon.colcon_core.package_identification:_identify(runs/detect/exp18) by extensions ['python_setup_py']
[0.258s] Level 1:colcon.colcon_core.package_identification:_identify(runs/detect/exp18) by extension 'python_setup_py'
[0.258s] Level 1:colcon.colcon_core.package_identification:_identify(runs/detect/exp19) by extensions ['ignore', 'ignore_ament_install']
[0.258s] Level 1:colcon.colcon_core.package_identification:_identify(runs/detect/exp19) by extension 'ignore'
[0.258s] Level 1:colcon.colcon_core.package_identification:_identify(runs/detect/exp19) by extension 'ignore_ament_install'
[0.258s] Level 1:colcon.colcon_core.package_identification:_identify(runs/detect/exp19) by extensions ['colcon_pkg']
[0.258s] Level 1:colcon.colcon_core.package_identification:_identify(runs/detect/exp19) by extension 'colcon_pkg'
[0.258s] Level 1:colcon.colcon_core.package_identification:_identify(runs/detect/exp19) by extensions ['colcon_meta']
[0.258s] Level 1:colcon.colcon_core.package_identification:_identify(runs/detect/exp19) by extension 'colcon_meta'
[0.258s] Level 1:colcon.colcon_core.package_identification:_identify(runs/detect/exp19) by extensions ['ros']
[0.258s] Level 1:colcon.colcon_core.package_identification:_identify(runs/detect/exp19) by extension 'ros'
[0.258s] Level 1:colcon.colcon_core.package_identification:_identify(runs/detect/exp19) by extensions ['cmake', 'python']
[0.258s] Level 1:colcon.colcon_core.package_identification:_identify(runs/detect/exp19) by extension 'cmake'
[0.258s] Level 1:colcon.colcon_core.package_identification:_identify(runs/detect/exp19) by extension 'python'
[0.258s] Level 1:colcon.colcon_core.package_identification:_identify(runs/detect/exp19) by extensions ['python_setup_py']
[0.258s] Level 1:colcon.colcon_core.package_identification:_identify(runs/detect/exp19) by extension 'python_setup_py'
[0.258s] Level 1:colcon.colcon_core.package_identification:_identify(runs/detect/exp2) by extensions ['ignore', 'ignore_ament_install']
[0.258s] Level 1:colcon.colcon_core.package_identification:_identify(runs/detect/exp2) by extension 'ignore'
[0.258s] Level 1:colcon.colcon_core.package_identification:_identify(runs/detect/exp2) by extension 'ignore_ament_install'
[0.258s] Level 1:colcon.colcon_core.package_identification:_identify(runs/detect/exp2) by extensions ['colcon_pkg']
[0.258s] Level 1:colcon.colcon_core.package_identification:_identify(runs/detect/exp2) by extension 'colcon_pkg'
[0.258s] Level 1:colcon.colcon_core.package_identification:_identify(runs/detect/exp2) by extensions ['colcon_meta']
[0.258s] Level 1:colcon.colcon_core.package_identification:_identify(runs/detect/exp2) by extension 'colcon_meta'
[0.258s] Level 1:colcon.colcon_core.package_identification:_identify(runs/detect/exp2) by extensions ['ros']
[0.259s] Level 1:colcon.colcon_core.package_identification:_identify(runs/detect/exp2) by extension 'ros'
[0.259s] Level 1:colcon.colcon_core.package_identification:_identify(runs/detect/exp2) by extensions ['cmake', 'python']
[0.259s] Level 1:colcon.colcon_core.package_identification:_identify(runs/detect/exp2) by extension 'cmake'
[0.259s] Level 1:colcon.colcon_core.package_identification:_identify(runs/detect/exp2) by extension 'python'
[0.259s] Level 1:colcon.colcon_core.package_identification:_identify(runs/detect/exp2) by extensions ['python_setup_py']
[0.259s] Level 1:colcon.colcon_core.package_identification:_identify(runs/detect/exp2) by extension 'python_setup_py'
[0.259s] Level 1:colcon.colcon_core.package_identification:_identify(runs/detect/exp20) by extensions ['ignore', 'ignore_ament_install']
[0.259s] Level 1:colcon.colcon_core.package_identification:_identify(runs/detect/exp20) by extension 'ignore'
[0.259s] Level 1:colcon.colcon_core.package_identification:_identify(runs/detect/exp20) by extension 'ignore_ament_install'
[0.259s] Level 1:colcon.colcon_core.package_identification:_identify(runs/detect/exp20) by extensions ['colcon_pkg']
[0.259s] Level 1:colcon.colcon_core.package_identification:_identify(runs/detect/exp20) by extension 'colcon_pkg'
[0.259s] Level 1:colcon.colcon_core.package_identification:_identify(runs/detect/exp20) by extensions ['colcon_meta']
[0.259s] Level 1:colcon.colcon_core.package_identification:_identify(runs/detect/exp20) by extension 'colcon_meta'
[0.259s] Level 1:colcon.colcon_core.package_identification:_identify(runs/detect/exp20) by extensions ['ros']
[0.259s] Level 1:colcon.colcon_core.package_identification:_identify(runs/detect/exp20) by extension 'ros'
[0.259s] Level 1:colcon.colcon_core.package_identification:_identify(runs/detect/exp20) by extensions ['cmake', 'python']
[0.259s] Level 1:colcon.colcon_core.package_identification:_identify(runs/detect/exp20) by extension 'cmake'
[0.259s] Level 1:colcon.colcon_core.package_identification:_identify(runs/detect/exp20) by extension 'python'
[0.259s] Level 1:colcon.colcon_core.package_identification:_identify(runs/detect/exp20) by extensions ['python_setup_py']
[0.259s] Level 1:colcon.colcon_core.package_identification:_identify(runs/detect/exp20) by extension 'python_setup_py'
[0.259s] Level 1:colcon.colcon_core.package_identification:_identify(runs/detect/exp21) by extensions ['ignore', 'ignore_ament_install']
[0.259s] Level 1:colcon.colcon_core.package_identification:_identify(runs/detect/exp21) by extension 'ignore'
[0.259s] Level 1:colcon.colcon_core.package_identification:_identify(runs/detect/exp21) by extension 'ignore_ament_install'
[0.259s] Level 1:colcon.colcon_core.package_identification:_identify(runs/detect/exp21) by extensions ['colcon_pkg']
[0.259s] Level 1:colcon.colcon_core.package_identification:_identify(runs/detect/exp21) by extension 'colcon_pkg'
[0.259s] Level 1:colcon.colcon_core.package_identification:_identify(runs/detect/exp21) by extensions ['colcon_meta']
[0.259s] Level 1:colcon.colcon_core.package_identification:_identify(runs/detect/exp21) by extension 'colcon_meta'
[0.259s] Level 1:colcon.colcon_core.package_identification:_identify(runs/detect/exp21) by extensions ['ros']
[0.259s] Level 1:colcon.colcon_core.package_identification:_identify(runs/detect/exp21) by extension 'ros'
[0.259s] Level 1:colcon.colcon_core.package_identification:_identify(runs/detect/exp21) by extensions ['cmake', 'python']
[0.259s] Level 1:colcon.colcon_core.package_identification:_identify(runs/detect/exp21) by extension 'cmake'
[0.259s] Level 1:colcon.colcon_core.package_identification:_identify(runs/detect/exp21) by extension 'python'
[0.259s] Level 1:colcon.colcon_core.package_identification:_identify(runs/detect/exp21) by extensions ['python_setup_py']
[0.259s] Level 1:colcon.colcon_core.package_identification:_identify(runs/detect/exp21) by extension 'python_setup_py'
[0.259s] Level 1:colcon.colcon_core.package_identification:_identify(runs/detect/exp22) by extensions ['ignore', 'ignore_ament_install']
[0.260s] Level 1:colcon.colcon_core.package_identification:_identify(runs/detect/exp22) by extension 'ignore'
[0.260s] Level 1:colcon.colcon_core.package_identification:_identify(runs/detect/exp22) by extension 'ignore_ament_install'
[0.260s] Level 1:colcon.colcon_core.package_identification:_identify(runs/detect/exp22) by extensions ['colcon_pkg']
[0.260s] Level 1:colcon.colcon_core.package_identification:_identify(runs/detect/exp22) by extension 'colcon_pkg'
[0.260s] Level 1:colcon.colcon_core.package_identification:_identify(runs/detect/exp22) by extensions ['colcon_meta']
[0.260s] Level 1:colcon.colcon_core.package_identification:_identify(runs/detect/exp22) by extension 'colcon_meta'
[0.260s] Level 1:colcon.colcon_core.package_identification:_identify(runs/detect/exp22) by extensions ['ros']
[0.260s] Level 1:colcon.colcon_core.package_identification:_identify(runs/detect/exp22) by extension 'ros'
[0.260s] Level 1:colcon.colcon_core.package_identification:_identify(runs/detect/exp22) by extensions ['cmake', 'python']
[0.260s] Level 1:colcon.colcon_core.package_identification:_identify(runs/detect/exp22) by extension 'cmake'
[0.260s] Level 1:colcon.colcon_core.package_identification:_identify(runs/detect/exp22) by extension 'python'
[0.260s] Level 1:colcon.colcon_core.package_identification:_identify(runs/detect/exp22) by extensions ['python_setup_py']
[0.260s] Level 1:colcon.colcon_core.package_identification:_identify(runs/detect/exp22) by extension 'python_setup_py'
[0.260s] Level 1:colcon.colcon_core.package_identification:_identify(runs/detect/exp23) by extensions ['ignore', 'ignore_ament_install']
[0.260s] Level 1:colcon.colcon_core.package_identification:_identify(runs/detect/exp23) by extension 'ignore'
[0.260s] Level 1:colcon.colcon_core.package_identification:_identify(runs/detect/exp23) by extension 'ignore_ament_install'
[0.260s] Level 1:colcon.colcon_core.package_identification:_identify(runs/detect/exp23) by extensions ['colcon_pkg']
[0.260s] Level 1:colcon.colcon_core.package_identification:_identify(runs/detect/exp23) by extension 'colcon_pkg'
[0.260s] Level 1:colcon.colcon_core.package_identification:_identify(runs/detect/exp23) by extensions ['colcon_meta']
[0.260s] Level 1:colcon.colcon_core.package_identification:_identify(runs/detect/exp23) by extension 'colcon_meta'
[0.260s] Level 1:colcon.colcon_core.package_identification:_identify(runs/detect/exp23) by extensions ['ros']
[0.260s] Level 1:colcon.colcon_core.package_identification:_identify(runs/detect/exp23) by extension 'ros'
[0.260s] Level 1:colcon.colcon_core.package_identification:_identify(runs/detect/exp23) by extensions ['cmake', 'python']
[0.260s] Level 1:colcon.colcon_core.package_identification:_identify(runs/detect/exp23) by extension 'cmake'
[0.260s] Level 1:colcon.colcon_core.package_identification:_identify(runs/detect/exp23) by extension 'python'
[0.260s] Level 1:colcon.colcon_core.package_identification:_identify(runs/detect/exp23) by extensions ['python_setup_py']
[0.260s] Level 1:colcon.colcon_core.package_identification:_identify(runs/detect/exp23) by extension 'python_setup_py'
[0.260s] Level 1:colcon.colcon_core.package_identification:_identify(runs/detect/exp24) by extensions ['ignore', 'ignore_ament_install']
[0.260s] Level 1:colcon.colcon_core.package_identification:_identify(runs/detect/exp24) by extension 'ignore'
[0.260s] Level 1:colcon.colcon_core.package_identification:_identify(runs/detect/exp24) by extension 'ignore_ament_install'
[0.260s] Level 1:colcon.colcon_core.package_identification:_identify(runs/detect/exp24) by extensions ['colcon_pkg']
[0.260s] Level 1:colcon.colcon_core.package_identification:_identify(runs/detect/exp24) by extension 'colcon_pkg'
[0.260s] Level 1:colcon.colcon_core.package_identification:_identify(runs/detect/exp24) by extensions ['colcon_meta']
[0.260s] Level 1:colcon.colcon_core.package_identification:_identify(runs/detect/exp24) by extension 'colcon_meta'
[0.260s] Level 1:colcon.colcon_core.package_identification:_identify(runs/detect/exp24) by extensions ['ros']
[0.260s] Level 1:colcon.colcon_core.package_identification:_identify(runs/detect/exp24) by extension 'ros'
[0.260s] Level 1:colcon.colcon_core.package_identification:_identify(runs/detect/exp24) by extensions ['cmake', 'python']
[0.260s] Level 1:colcon.colcon_core.package_identification:_identify(runs/detect/exp24) by extension 'cmake'
[0.261s] Level 1:colcon.colcon_core.package_identification:_identify(runs/detect/exp24) by extension 'python'
[0.261s] Level 1:colcon.colcon_core.package_identification:_identify(runs/detect/exp24) by extensions ['python_setup_py']
[0.261s] Level 1:colcon.colcon_core.package_identification:_identify(runs/detect/exp24) by extension 'python_setup_py'
[0.261s] Level 1:colcon.colcon_core.package_identification:_identify(runs/detect/exp25) by extensions ['ignore', 'ignore_ament_install']
[0.261s] Level 1:colcon.colcon_core.package_identification:_identify(runs/detect/exp25) by extension 'ignore'
[0.261s] Level 1:colcon.colcon_core.package_identification:_identify(runs/detect/exp25) by extension 'ignore_ament_install'
[0.261s] Level 1:colcon.colcon_core.package_identification:_identify(runs/detect/exp25) by extensions ['colcon_pkg']
[0.261s] Level 1:colcon.colcon_core.package_identification:_identify(runs/detect/exp25) by extension 'colcon_pkg'
[0.261s] Level 1:colcon.colcon_core.package_identification:_identify(runs/detect/exp25) by extensions ['colcon_meta']
[0.261s] Level 1:colcon.colcon_core.package_identification:_identify(runs/detect/exp25) by extension 'colcon_meta'
[0.261s] Level 1:colcon.colcon_core.package_identification:_identify(runs/detect/exp25) by extensions ['ros']
[0.261s] Level 1:colcon.colcon_core.package_identification:_identify(runs/detect/exp25) by extension 'ros'
[0.261s] Level 1:colcon.colcon_core.package_identification:_identify(runs/detect/exp25) by extensions ['cmake', 'python']
[0.261s] Level 1:colcon.colcon_core.package_identification:_identify(runs/detect/exp25) by extension 'cmake'
[0.261s] Level 1:colcon.colcon_core.package_identification:_identify(runs/detect/exp25) by extension 'python'
[0.261s] Level 1:colcon.colcon_core.package_identification:_identify(runs/detect/exp25) by extensions ['python_setup_py']
[0.261s] Level 1:colcon.colcon_core.package_identification:_identify(runs/detect/exp25) by extension 'python_setup_py'
[0.261s] Level 1:colcon.colcon_core.package_identification:_identify(runs/detect/exp26) by extensions ['ignore', 'ignore_ament_install']
[0.261s] Level 1:colcon.colcon_core.package_identification:_identify(runs/detect/exp26) by extension 'ignore'
[0.261s] Level 1:colcon.colcon_core.package_identification:_identify(runs/detect/exp26) by extension 'ignore_ament_install'
[0.261s] Level 1:colcon.colcon_core.package_identification:_identify(runs/detect/exp26) by extensions ['colcon_pkg']
[0.261s] Level 1:colcon.colcon_core.package_identification:_identify(runs/detect/exp26) by extension 'colcon_pkg'
[0.261s] Level 1:colcon.colcon_core.package_identification:_identify(runs/detect/exp26) by extensions ['colcon_meta']
[0.261s] Level 1:colcon.colcon_core.package_identification:_identify(runs/detect/exp26) by extension 'colcon_meta'
[0.261s] Level 1:colcon.colcon_core.package_identification:_identify(runs/detect/exp26) by extensions ['ros']
[0.261s] Level 1:colcon.colcon_core.package_identification:_identify(runs/detect/exp26) by extension 'ros'
[0.261s] Level 1:colcon.colcon_core.package_identification:_identify(runs/detect/exp26) by extensions ['cmake', 'python']
[0.261s] Level 1:colcon.colcon_core.package_identification:_identify(runs/detect/exp26) by extension 'cmake'
[0.261s] Level 1:colcon.colcon_core.package_identification:_identify(runs/detect/exp26) by extension 'python'
[0.261s] Level 1:colcon.colcon_core.package_identification:_identify(runs/detect/exp26) by extensions ['python_setup_py']
[0.261s] Level 1:colcon.colcon_core.package_identification:_identify(runs/detect/exp26) by extension 'python_setup_py'
[0.261s] Level 1:colcon.colcon_core.package_identification:_identify(runs/detect/exp27) by extensions ['ignore', 'ignore_ament_install']
[0.261s] Level 1:colcon.colcon_core.package_identification:_identify(runs/detect/exp27) by extension 'ignore'
[0.261s] Level 1:colcon.colcon_core.package_identification:_identify(runs/detect/exp27) by extension 'ignore_ament_install'
[0.261s] Level 1:colcon.colcon_core.package_identification:_identify(runs/detect/exp27) by extensions ['colcon_pkg']
[0.261s] Level 1:colcon.colcon_core.package_identification:_identify(runs/detect/exp27) by extension 'colcon_pkg'
[0.261s] Level 1:colcon.colcon_core.package_identification:_identify(runs/detect/exp27) by extensions ['colcon_meta']
[0.261s] Level 1:colcon.colcon_core.package_identification:_identify(runs/detect/exp27) by extension 'colcon_meta'
[0.261s] Level 1:colcon.colcon_core.package_identification:_identify(runs/detect/exp27) by extensions ['ros']
[0.261s] Level 1:colcon.colcon_core.package_identification:_identify(runs/detect/exp27) by extension 'ros'
[0.262s] Level 1:colcon.colcon_core.package_identification:_identify(runs/detect/exp27) by extensions ['cmake', 'python']
[0.262s] Level 1:colcon.colcon_core.package_identification:_identify(runs/detect/exp27) by extension 'cmake'
[0.262s] Level 1:colcon.colcon_core.package_identification:_identify(runs/detect/exp27) by extension 'python'
[0.262s] Level 1:colcon.colcon_core.package_identification:_identify(runs/detect/exp27) by extensions ['python_setup_py']
[0.262s] Level 1:colcon.colcon_core.package_identification:_identify(runs/detect/exp27) by extension 'python_setup_py'
[0.262s] Level 1:colcon.colcon_core.package_identification:_identify(runs/detect/exp3) by extensions ['ignore', 'ignore_ament_install']
[0.262s] Level 1:colcon.colcon_core.package_identification:_identify(runs/detect/exp3) by extension 'ignore'
[0.262s] Level 1:colcon.colcon_core.package_identification:_identify(runs/detect/exp3) by extension 'ignore_ament_install'
[0.262s] Level 1:colcon.colcon_core.package_identification:_identify(runs/detect/exp3) by extensions ['colcon_pkg']
[0.262s] Level 1:colcon.colcon_core.package_identification:_identify(runs/detect/exp3) by extension 'colcon_pkg'
[0.262s] Level 1:colcon.colcon_core.package_identification:_identify(runs/detect/exp3) by extensions ['colcon_meta']
[0.262s] Level 1:colcon.colcon_core.package_identification:_identify(runs/detect/exp3) by extension 'colcon_meta'
[0.262s] Level 1:colcon.colcon_core.package_identification:_identify(runs/detect/exp3) by extensions ['ros']
[0.262s] Level 1:colcon.colcon_core.package_identification:_identify(runs/detect/exp3) by extension 'ros'
[0.262s] Level 1:colcon.colcon_core.package_identification:_identify(runs/detect/exp3) by extensions ['cmake', 'python']
[0.262s] Level 1:colcon.colcon_core.package_identification:_identify(runs/detect/exp3) by extension 'cmake'
[0.262s] Level 1:colcon.colcon_core.package_identification:_identify(runs/detect/exp3) by extension 'python'
[0.262s] Level 1:colcon.colcon_core.package_identification:_identify(runs/detect/exp3) by extensions ['python_setup_py']
[0.262s] Level 1:colcon.colcon_core.package_identification:_identify(runs/detect/exp3) by extension 'python_setup_py'
[0.262s] Level 1:colcon.colcon_core.package_identification:_identify(runs/detect/exp4) by extensions ['ignore', 'ignore_ament_install']
[0.262s] Level 1:colcon.colcon_core.package_identification:_identify(runs/detect/exp4) by extension 'ignore'
[0.262s] Level 1:colcon.colcon_core.package_identification:_identify(runs/detect/exp4) by extension 'ignore_ament_install'
[0.262s] Level 1:colcon.colcon_core.package_identification:_identify(runs/detect/exp4) by extensions ['colcon_pkg']
[0.262s] Level 1:colcon.colcon_core.package_identification:_identify(runs/detect/exp4) by extension 'colcon_pkg'
[0.262s] Level 1:colcon.colcon_core.package_identification:_identify(runs/detect/exp4) by extensions ['colcon_meta']
[0.262s] Level 1:colcon.colcon_core.package_identification:_identify(runs/detect/exp4) by extension 'colcon_meta'
[0.262s] Level 1:colcon.colcon_core.package_identification:_identify(runs/detect/exp4) by extensions ['ros']
[0.262s] Level 1:colcon.colcon_core.package_identification:_identify(runs/detect/exp4) by extension 'ros'
[0.262s] Level 1:colcon.colcon_core.package_identification:_identify(runs/detect/exp4) by extensions ['cmake', 'python']
[0.262s] Level 1:colcon.colcon_core.package_identification:_identify(runs/detect/exp4) by extension 'cmake'
[0.262s] Level 1:colcon.colcon_core.package_identification:_identify(runs/detect/exp4) by extension 'python'
[0.262s] Level 1:colcon.colcon_core.package_identification:_identify(runs/detect/exp4) by extensions ['python_setup_py']
[0.262s] Level 1:colcon.colcon_core.package_identification:_identify(runs/detect/exp4) by extension 'python_setup_py'
[0.263s] Level 1:colcon.colcon_core.package_identification:_identify(runs/detect/exp5) by extensions ['ignore', 'ignore_ament_install']
[0.263s] Level 1:colcon.colcon_core.package_identification:_identify(runs/detect/exp5) by extension 'ignore'
[0.263s] Level 1:colcon.colcon_core.package_identification:_identify(runs/detect/exp5) by extension 'ignore_ament_install'
[0.263s] Level 1:colcon.colcon_core.package_identification:_identify(runs/detect/exp5) by extensions ['colcon_pkg']
[0.263s] Level 1:colcon.colcon_core.package_identification:_identify(runs/detect/exp5) by extension 'colcon_pkg'
[0.263s] Level 1:colcon.colcon_core.package_identification:_identify(runs/detect/exp5) by extensions ['colcon_meta']
[0.263s] Level 1:colcon.colcon_core.package_identification:_identify(runs/detect/exp5) by extension 'colcon_meta'
[0.263s] Level 1:colcon.colcon_core.package_identification:_identify(runs/detect/exp5) by extensions ['ros']
[0.263s] Level 1:colcon.colcon_core.package_identification:_identify(runs/detect/exp5) by extension 'ros'
[0.263s] Level 1:colcon.colcon_core.package_identification:_identify(runs/detect/exp5) by extensions ['cmake', 'python']
[0.263s] Level 1:colcon.colcon_core.package_identification:_identify(runs/detect/exp5) by extension 'cmake'
[0.263s] Level 1:colcon.colcon_core.package_identification:_identify(runs/detect/exp5) by extension 'python'
[0.263s] Level 1:colcon.colcon_core.package_identification:_identify(runs/detect/exp5) by extensions ['python_setup_py']
[0.263s] Level 1:colcon.colcon_core.package_identification:_identify(runs/detect/exp5) by extension 'python_setup_py'
[0.263s] Level 1:colcon.colcon_core.package_identification:_identify(runs/detect/exp6) by extensions ['ignore', 'ignore_ament_install']
[0.263s] Level 1:colcon.colcon_core.package_identification:_identify(runs/detect/exp6) by extension 'ignore'
[0.263s] Level 1:colcon.colcon_core.package_identification:_identify(runs/detect/exp6) by extension 'ignore_ament_install'
[0.263s] Level 1:colcon.colcon_core.package_identification:_identify(runs/detect/exp6) by extensions ['colcon_pkg']
[0.263s] Level 1:colcon.colcon_core.package_identification:_identify(runs/detect/exp6) by extension 'colcon_pkg'
[0.263s] Level 1:colcon.colcon_core.package_identification:_identify(runs/detect/exp6) by extensions ['colcon_meta']
[0.263s] Level 1:colcon.colcon_core.package_identification:_identify(runs/detect/exp6) by extension 'colcon_meta'
[0.263s] Level 1:colcon.colcon_core.package_identification:_identify(runs/detect/exp6) by extensions ['ros']
[0.263s] Level 1:colcon.colcon_core.package_identification:_identify(runs/detect/exp6) by extension 'ros'
[0.263s] Level 1:colcon.colcon_core.package_identification:_identify(runs/detect/exp6) by extensions ['cmake', 'python']
[0.263s] Level 1:colcon.colcon_core.package_identification:_identify(runs/detect/exp6) by extension 'cmake'
[0.263s] Level 1:colcon.colcon_core.package_identification:_identify(runs/detect/exp6) by extension 'python'
[0.263s] Level 1:colcon.colcon_core.package_identification:_identify(runs/detect/exp6) by extensions ['python_setup_py']
[0.263s] Level 1:colcon.colcon_core.package_identification:_identify(runs/detect/exp6) by extension 'python_setup_py'
[0.263s] Level 1:colcon.colcon_core.package_identification:_identify(runs/detect/exp7) by extensions ['ignore', 'ignore_ament_install']
[0.264s] Level 1:colcon.colcon_core.package_identification:_identify(runs/detect/exp7) by extension 'ignore'
[0.264s] Level 1:colcon.colcon_core.package_identification:_identify(runs/detect/exp7) by extension 'ignore_ament_install'
[0.264s] Level 1:colcon.colcon_core.package_identification:_identify(runs/detect/exp7) by extensions ['colcon_pkg']
[0.264s] Level 1:colcon.colcon_core.package_identification:_identify(runs/detect/exp7) by extension 'colcon_pkg'
[0.264s] Level 1:colcon.colcon_core.package_identification:_identify(runs/detect/exp7) by extensions ['colcon_meta']
[0.264s] Level 1:colcon.colcon_core.package_identification:_identify(runs/detect/exp7) by extension 'colcon_meta'
[0.264s] Level 1:colcon.colcon_core.package_identification:_identify(runs/detect/exp7) by extensions ['ros']
[0.264s] Level 1:colcon.colcon_core.package_identification:_identify(runs/detect/exp7) by extension 'ros'
[0.264s] Level 1:colcon.colcon_core.package_identification:_identify(runs/detect/exp7) by extensions ['cmake', 'python']
[0.264s] Level 1:colcon.colcon_core.package_identification:_identify(runs/detect/exp7) by extension 'cmake'
[0.264s] Level 1:colcon.colcon_core.package_identification:_identify(runs/detect/exp7) by extension 'python'
[0.264s] Level 1:colcon.colcon_core.package_identification:_identify(runs/detect/exp7) by extensions ['python_setup_py']
[0.264s] Level 1:colcon.colcon_core.package_identification:_identify(runs/detect/exp7) by extension 'python_setup_py'
[0.264s] Level 1:colcon.colcon_core.package_identification:_identify(runs/detect/exp8) by extensions ['ignore', 'ignore_ament_install']
[0.264s] Level 1:colcon.colcon_core.package_identification:_identify(runs/detect/exp8) by extension 'ignore'
[0.264s] Level 1:colcon.colcon_core.package_identification:_identify(runs/detect/exp8) by extension 'ignore_ament_install'
[0.264s] Level 1:colcon.colcon_core.package_identification:_identify(runs/detect/exp8) by extensions ['colcon_pkg']
[0.264s] Level 1:colcon.colcon_core.package_identification:_identify(runs/detect/exp8) by extension 'colcon_pkg'
[0.264s] Level 1:colcon.colcon_core.package_identification:_identify(runs/detect/exp8) by extensions ['colcon_meta']
[0.264s] Level 1:colcon.colcon_core.package_identification:_identify(runs/detect/exp8) by extension 'colcon_meta'
[0.264s] Level 1:colcon.colcon_core.package_identification:_identify(runs/detect/exp8) by extensions ['ros']
[0.264s] Level 1:colcon.colcon_core.package_identification:_identify(runs/detect/exp8) by extension 'ros'
[0.264s] Level 1:colcon.colcon_core.package_identification:_identify(runs/detect/exp8) by extensions ['cmake', 'python']
[0.264s] Level 1:colcon.colcon_core.package_identification:_identify(runs/detect/exp8) by extension 'cmake'
[0.264s] Level 1:colcon.colcon_core.package_identification:_identify(runs/detect/exp8) by extension 'python'
[0.264s] Level 1:colcon.colcon_core.package_identification:_identify(runs/detect/exp8) by extensions ['python_setup_py']
[0.264s] Level 1:colcon.colcon_core.package_identification:_identify(runs/detect/exp8) by extension 'python_setup_py'
[0.265s] Level 1:colcon.colcon_core.package_identification:_identify(runs/detect/exp9) by extensions ['ignore', 'ignore_ament_install']
[0.265s] Level 1:colcon.colcon_core.package_identification:_identify(runs/detect/exp9) by extension 'ignore'
[0.265s] Level 1:colcon.colcon_core.package_identification:_identify(runs/detect/exp9) by extension 'ignore_ament_install'
[0.265s] Level 1:colcon.colcon_core.package_identification:_identify(runs/detect/exp9) by extensions ['colcon_pkg']
[0.265s] Level 1:colcon.colcon_core.package_identification:_identify(runs/detect/exp9) by extension 'colcon_pkg'
[0.265s] Level 1:colcon.colcon_core.package_identification:_identify(runs/detect/exp9) by extensions ['colcon_meta']
[0.265s] Level 1:colcon.colcon_core.package_identification:_identify(runs/detect/exp9) by extension 'colcon_meta'
[0.265s] Level 1:colcon.colcon_core.package_identification:_identify(runs/detect/exp9) by extensions ['ros']
[0.265s] Level 1:colcon.colcon_core.package_identification:_identify(runs/detect/exp9) by extension 'ros'
[0.265s] Level 1:colcon.colcon_core.package_identification:_identify(runs/detect/exp9) by extensions ['cmake', 'python']
[0.265s] Level 1:colcon.colcon_core.package_identification:_identify(runs/detect/exp9) by extension 'cmake'
[0.265s] Level 1:colcon.colcon_core.package_identification:_identify(runs/detect/exp9) by extension 'python'
[0.265s] Level 1:colcon.colcon_core.package_identification:_identify(runs/detect/exp9) by extensions ['python_setup_py']
[0.265s] Level 1:colcon.colcon_core.package_identification:_identify(runs/detect/exp9) by extension 'python_setup_py'
[0.266s] Level 1:colcon.colcon_core.package_identification:_identify(segment) by extensions ['ignore', 'ignore_ament_install']
[0.266s] Level 1:colcon.colcon_core.package_identification:_identify(segment) by extension 'ignore'
[0.266s] Level 1:colcon.colcon_core.package_identification:_identify(segment) by extension 'ignore_ament_install'
[0.266s] Level 1:colcon.colcon_core.package_identification:_identify(segment) by extensions ['colcon_pkg']
[0.266s] Level 1:colcon.colcon_core.package_identification:_identify(segment) by extension 'colcon_pkg'
[0.266s] Level 1:colcon.colcon_core.package_identification:_identify(segment) by extensions ['colcon_meta']
[0.266s] Level 1:colcon.colcon_core.package_identification:_identify(segment) by extension 'colcon_meta'
[0.266s] Level 1:colcon.colcon_core.package_identification:_identify(segment) by extensions ['ros']
[0.266s] Level 1:colcon.colcon_core.package_identification:_identify(segment) by extension 'ros'
[0.266s] Level 1:colcon.colcon_core.package_identification:_identify(segment) by extensions ['cmake', 'python']
[0.266s] Level 1:colcon.colcon_core.package_identification:_identify(segment) by extension 'cmake'
[0.266s] Level 1:colcon.colcon_core.package_identification:_identify(segment) by extension 'python'
[0.266s] Level 1:colcon.colcon_core.package_identification:_identify(segment) by extensions ['python_setup_py']
[0.266s] Level 1:colcon.colcon_core.package_identification:_identify(segment) by extension 'python_setup_py'
[0.266s] Level 1:colcon.colcon_core.package_identification:_identify(utils) by extensions ['ignore', 'ignore_ament_install']
[0.266s] Level 1:colcon.colcon_core.package_identification:_identify(utils) by extension 'ignore'
[0.266s] Level 1:colcon.colcon_core.package_identification:_identify(utils) by extension 'ignore_ament_install'
[0.266s] Level 1:colcon.colcon_core.package_identification:_identify(utils) by extensions ['colcon_pkg']
[0.266s] Level 1:colcon.colcon_core.package_identification:_identify(utils) by extension 'colcon_pkg'
[0.266s] Level 1:colcon.colcon_core.package_identification:_identify(utils) by extensions ['colcon_meta']
[0.266s] Level 1:colcon.colcon_core.package_identification:_identify(utils) by extension 'colcon_meta'
[0.266s] Level 1:colcon.colcon_core.package_identification:_identify(utils) by extensions ['ros']
[0.266s] Level 1:colcon.colcon_core.package_identification:_identify(utils) by extension 'ros'
[0.266s] Level 1:colcon.colcon_core.package_identification:_identify(utils) by extensions ['cmake', 'python']
[0.266s] Level 1:colcon.colcon_core.package_identification:_identify(utils) by extension 'cmake'
[0.266s] Level 1:colcon.colcon_core.package_identification:_identify(utils) by extension 'python'
[0.266s] Level 1:colcon.colcon_core.package_identification:_identify(utils) by extensions ['python_setup_py']
[0.266s] Level 1:colcon.colcon_core.package_identification:_identify(utils) by extension 'python_setup_py'
[0.266s] Level 1:colcon.colcon_core.package_identification:_identify(utils/__pycache__) by extensions ['ignore', 'ignore_ament_install']
[0.266s] Level 1:colcon.colcon_core.package_identification:_identify(utils/__pycache__) by extension 'ignore'
[0.266s] Level 1:colcon.colcon_core.package_identification:_identify(utils/__pycache__) by extension 'ignore_ament_install'
[0.266s] Level 1:colcon.colcon_core.package_identification:_identify(utils/__pycache__) by extensions ['colcon_pkg']
[0.266s] Level 1:colcon.colcon_core.package_identification:_identify(utils/__pycache__) by extension 'colcon_pkg'
[0.266s] Level 1:colcon.colcon_core.package_identification:_identify(utils/__pycache__) by extensions ['colcon_meta']
[0.266s] Level 1:colcon.colcon_core.package_identification:_identify(utils/__pycache__) by extension 'colcon_meta'
[0.266s] Level 1:colcon.colcon_core.package_identification:_identify(utils/__pycache__) by extensions ['ros']
[0.266s] Level 1:colcon.colcon_core.package_identification:_identify(utils/__pycache__) by extension 'ros'
[0.267s] Level 1:colcon.colcon_core.package_identification:_identify(utils/__pycache__) by extensions ['cmake', 'python']
[0.267s] Level 1:colcon.colcon_core.package_identification:_identify(utils/__pycache__) by extension 'cmake'
[0.267s] Level 1:colcon.colcon_core.package_identification:_identify(utils/__pycache__) by extension 'python'
[0.267s] Level 1:colcon.colcon_core.package_identification:_identify(utils/__pycache__) by extensions ['python_setup_py']
[0.267s] Level 1:colcon.colcon_core.package_identification:_identify(utils/__pycache__) by extension 'python_setup_py'
[0.267s] Level 1:colcon.colcon_core.package_identification:_identify(utils/aws) by extensions ['ignore', 'ignore_ament_install']
[0.267s] Level 1:colcon.colcon_core.package_identification:_identify(utils/aws) by extension 'ignore'
[0.267s] Level 1:colcon.colcon_core.package_identification:_identify(utils/aws) by extension 'ignore_ament_install'
[0.267s] Level 1:colcon.colcon_core.package_identification:_identify(utils/aws) by extensions ['colcon_pkg']
[0.267s] Level 1:colcon.colcon_core.package_identification:_identify(utils/aws) by extension 'colcon_pkg'
[0.267s] Level 1:colcon.colcon_core.package_identification:_identify(utils/aws) by extensions ['colcon_meta']
[0.267s] Level 1:colcon.colcon_core.package_identification:_identify(utils/aws) by extension 'colcon_meta'
[0.267s] Level 1:colcon.colcon_core.package_identification:_identify(utils/aws) by extensions ['ros']
[0.267s] Level 1:colcon.colcon_core.package_identification:_identify(utils/aws) by extension 'ros'
[0.267s] Level 1:colcon.colcon_core.package_identification:_identify(utils/aws) by extensions ['cmake', 'python']
[0.267s] Level 1:colcon.colcon_core.package_identification:_identify(utils/aws) by extension 'cmake'
[0.267s] Level 1:colcon.colcon_core.package_identification:_identify(utils/aws) by extension 'python'
[0.267s] Level 1:colcon.colcon_core.package_identification:_identify(utils/aws) by extensions ['python_setup_py']
[0.267s] Level 1:colcon.colcon_core.package_identification:_identify(utils/aws) by extension 'python_setup_py'
[0.267s] Level 1:colcon.colcon_core.package_identification:_identify(utils/docker) by extensions ['ignore', 'ignore_ament_install']
[0.267s] Level 1:colcon.colcon_core.package_identification:_identify(utils/docker) by extension 'ignore'
[0.267s] Level 1:colcon.colcon_core.package_identification:_identify(utils/docker) by extension 'ignore_ament_install'
[0.267s] Level 1:colcon.colcon_core.package_identification:_identify(utils/docker) by extensions ['colcon_pkg']
[0.267s] Level 1:colcon.colcon_core.package_identification:_identify(utils/docker) by extension 'colcon_pkg'
[0.267s] Level 1:colcon.colcon_core.package_identification:_identify(utils/docker) by extensions ['colcon_meta']
[0.267s] Level 1:colcon.colcon_core.package_identification:_identify(utils/docker) by extension 'colcon_meta'
[0.267s] Level 1:colcon.colcon_core.package_identification:_identify(utils/docker) by extensions ['ros']
[0.267s] Level 1:colcon.colcon_core.package_identification:_identify(utils/docker) by extension 'ros'
[0.267s] Level 1:colcon.colcon_core.package_identification:_identify(utils/docker) by extensions ['cmake', 'python']
[0.267s] Level 1:colcon.colcon_core.package_identification:_identify(utils/docker) by extension 'cmake'
[0.267s] Level 1:colcon.colcon_core.package_identification:_identify(utils/docker) by extension 'python'
[0.267s] Level 1:colcon.colcon_core.package_identification:_identify(utils/docker) by extensions ['python_setup_py']
[0.267s] Level 1:colcon.colcon_core.package_identification:_identify(utils/docker) by extension 'python_setup_py'
[0.268s] Level 1:colcon.colcon_core.package_identification:_identify(utils/flask_rest_api) by extensions ['ignore', 'ignore_ament_install']
[0.268s] Level 1:colcon.colcon_core.package_identification:_identify(utils/flask_rest_api) by extension 'ignore'
[0.268s] Level 1:colcon.colcon_core.package_identification:_identify(utils/flask_rest_api) by extension 'ignore_ament_install'
[0.268s] Level 1:colcon.colcon_core.package_identification:_identify(utils/flask_rest_api) by extensions ['colcon_pkg']
[0.268s] Level 1:colcon.colcon_core.package_identification:_identify(utils/flask_rest_api) by extension 'colcon_pkg'
[0.268s] Level 1:colcon.colcon_core.package_identification:_identify(utils/flask_rest_api) by extensions ['colcon_meta']
[0.268s] Level 1:colcon.colcon_core.package_identification:_identify(utils/flask_rest_api) by extension 'colcon_meta'
[0.268s] Level 1:colcon.colcon_core.package_identification:_identify(utils/flask_rest_api) by extensions ['ros']
[0.268s] Level 1:colcon.colcon_core.package_identification:_identify(utils/flask_rest_api) by extension 'ros'
[0.268s] Level 1:colcon.colcon_core.package_identification:_identify(utils/flask_rest_api) by extensions ['cmake', 'python']
[0.268s] Level 1:colcon.colcon_core.package_identification:_identify(utils/flask_rest_api) by extension 'cmake'
[0.268s] Level 1:colcon.colcon_core.package_identification:_identify(utils/flask_rest_api) by extension 'python'
[0.268s] Level 1:colcon.colcon_core.package_identification:_identify(utils/flask_rest_api) by extensions ['python_setup_py']
[0.268s] Level 1:colcon.colcon_core.package_identification:_identify(utils/flask_rest_api) by extension 'python_setup_py'
[0.268s] Level 1:colcon.colcon_core.package_identification:_identify(utils/google_app_engine) by extensions ['ignore', 'ignore_ament_install']
[0.268s] Level 1:colcon.colcon_core.package_identification:_identify(utils/google_app_engine) by extension 'ignore'
[0.268s] Level 1:colcon.colcon_core.package_identification:_identify(utils/google_app_engine) by extension 'ignore_ament_install'
[0.268s] Level 1:colcon.colcon_core.package_identification:_identify(utils/google_app_engine) by extensions ['colcon_pkg']
[0.268s] Level 1:colcon.colcon_core.package_identification:_identify(utils/google_app_engine) by extension 'colcon_pkg'
[0.268s] Level 1:colcon.colcon_core.package_identification:_identify(utils/google_app_engine) by extensions ['colcon_meta']
[0.268s] Level 1:colcon.colcon_core.package_identification:_identify(utils/google_app_engine) by extension 'colcon_meta'
[0.268s] Level 1:colcon.colcon_core.package_identification:_identify(utils/google_app_engine) by extensions ['ros']
[0.268s] Level 1:colcon.colcon_core.package_identification:_identify(utils/google_app_engine) by extension 'ros'
[0.268s] Level 1:colcon.colcon_core.package_identification:_identify(utils/google_app_engine) by extensions ['cmake', 'python']
[0.268s] Level 1:colcon.colcon_core.package_identification:_identify(utils/google_app_engine) by extension 'cmake'
[0.268s] Level 1:colcon.colcon_core.package_identification:_identify(utils/google_app_engine) by extension 'python'
[0.268s] Level 1:colcon.colcon_core.package_identification:_identify(utils/google_app_engine) by extensions ['python_setup_py']
[0.268s] Level 1:colcon.colcon_core.package_identification:_identify(utils/google_app_engine) by extension 'python_setup_py'
[0.268s] Level 1:colcon.colcon_core.package_identification:_identify(utils/loggers) by extensions ['ignore', 'ignore_ament_install']
[0.268s] Level 1:colcon.colcon_core.package_identification:_identify(utils/loggers) by extension 'ignore'
[0.268s] Level 1:colcon.colcon_core.package_identification:_identify(utils/loggers) by extension 'ignore_ament_install'
[0.268s] Level 1:colcon.colcon_core.package_identification:_identify(utils/loggers) by extensions ['colcon_pkg']
[0.268s] Level 1:colcon.colcon_core.package_identification:_identify(utils/loggers) by extension 'colcon_pkg'
[0.268s] Level 1:colcon.colcon_core.package_identification:_identify(utils/loggers) by extensions ['colcon_meta']
[0.268s] Level 1:colcon.colcon_core.package_identification:_identify(utils/loggers) by extension 'colcon_meta'
[0.268s] Level 1:colcon.colcon_core.package_identification:_identify(utils/loggers) by extensions ['ros']
[0.268s] Level 1:colcon.colcon_core.package_identification:_identify(utils/loggers) by extension 'ros'
[0.268s] Level 1:colcon.colcon_core.package_identification:_identify(utils/loggers) by extensions ['cmake', 'python']
[0.268s] Level 1:colcon.colcon_core.package_identification:_identify(utils/loggers) by extension 'cmake'
[0.268s] Level 1:colcon.colcon_core.package_identification:_identify(utils/loggers) by extension 'python'
[0.268s] Level 1:colcon.colcon_core.package_identification:_identify(utils/loggers) by extensions ['python_setup_py']
[0.268s] Level 1:colcon.colcon_core.package_identification:_identify(utils/loggers) by extension 'python_setup_py'
[0.268s] Level 1:colcon.colcon_core.package_identification:_identify(utils/loggers/clearml) by extensions ['ignore', 'ignore_ament_install']
[0.269s] Level 1:colcon.colcon_core.package_identification:_identify(utils/loggers/clearml) by extension 'ignore'
[0.269s] Level 1:colcon.colcon_core.package_identification:_identify(utils/loggers/clearml) by extension 'ignore_ament_install'
[0.269s] Level 1:colcon.colcon_core.package_identification:_identify(utils/loggers/clearml) by extensions ['colcon_pkg']
[0.269s] Level 1:colcon.colcon_core.package_identification:_identify(utils/loggers/clearml) by extension 'colcon_pkg'
[0.269s] Level 1:colcon.colcon_core.package_identification:_identify(utils/loggers/clearml) by extensions ['colcon_meta']
[0.269s] Level 1:colcon.colcon_core.package_identification:_identify(utils/loggers/clearml) by extension 'colcon_meta'
[0.269s] Level 1:colcon.colcon_core.package_identification:_identify(utils/loggers/clearml) by extensions ['ros']
[0.269s] Level 1:colcon.colcon_core.package_identification:_identify(utils/loggers/clearml) by extension 'ros'
[0.269s] Level 1:colcon.colcon_core.package_identification:_identify(utils/loggers/clearml) by extensions ['cmake', 'python']
[0.269s] Level 1:colcon.colcon_core.package_identification:_identify(utils/loggers/clearml) by extension 'cmake'
[0.269s] Level 1:colcon.colcon_core.package_identification:_identify(utils/loggers/clearml) by extension 'python'
[0.269s] Level 1:colcon.colcon_core.package_identification:_identify(utils/loggers/clearml) by extensions ['python_setup_py']
[0.269s] Level 1:colcon.colcon_core.package_identification:_identify(utils/loggers/clearml) by extension 'python_setup_py'
[0.269s] Level 1:colcon.colcon_core.package_identification:_identify(utils/loggers/comet) by extensions ['ignore', 'ignore_ament_install']
[0.269s] Level 1:colcon.colcon_core.package_identification:_identify(utils/loggers/comet) by extension 'ignore'
[0.269s] Level 1:colcon.colcon_core.package_identification:_identify(utils/loggers/comet) by extension 'ignore_ament_install'
[0.269s] Level 1:colcon.colcon_core.package_identification:_identify(utils/loggers/comet) by extensions ['colcon_pkg']
[0.269s] Level 1:colcon.colcon_core.package_identification:_identify(utils/loggers/comet) by extension 'colcon_pkg'
[0.269s] Level 1:colcon.colcon_core.package_identification:_identify(utils/loggers/comet) by extensions ['colcon_meta']
[0.269s] Level 1:colcon.colcon_core.package_identification:_identify(utils/loggers/comet) by extension 'colcon_meta'
[0.269s] Level 1:colcon.colcon_core.package_identification:_identify(utils/loggers/comet) by extensions ['ros']
[0.269s] Level 1:colcon.colcon_core.package_identification:_identify(utils/loggers/comet) by extension 'ros'
[0.269s] Level 1:colcon.colcon_core.package_identification:_identify(utils/loggers/comet) by extensions ['cmake', 'python']
[0.269s] Level 1:colcon.colcon_core.package_identification:_identify(utils/loggers/comet) by extension 'cmake'
[0.269s] Level 1:colcon.colcon_core.package_identification:_identify(utils/loggers/comet) by extension 'python'
[0.269s] Level 1:colcon.colcon_core.package_identification:_identify(utils/loggers/comet) by extensions ['python_setup_py']
[0.269s] Level 1:colcon.colcon_core.package_identification:_identify(utils/loggers/comet) by extension 'python_setup_py'
[0.269s] Level 1:colcon.colcon_core.package_identification:_identify(utils/loggers/wandb) by extensions ['ignore', 'ignore_ament_install']
[0.269s] Level 1:colcon.colcon_core.package_identification:_identify(utils/loggers/wandb) by extension 'ignore'
[0.269s] Level 1:colcon.colcon_core.package_identification:_identify(utils/loggers/wandb) by extension 'ignore_ament_install'
[0.269s] Level 1:colcon.colcon_core.package_identification:_identify(utils/loggers/wandb) by extensions ['colcon_pkg']
[0.269s] Level 1:colcon.colcon_core.package_identification:_identify(utils/loggers/wandb) by extension 'colcon_pkg'
[0.269s] Level 1:colcon.colcon_core.package_identification:_identify(utils/loggers/wandb) by extensions ['colcon_meta']
[0.269s] Level 1:colcon.colcon_core.package_identification:_identify(utils/loggers/wandb) by extension 'colcon_meta'
[0.269s] Level 1:colcon.colcon_core.package_identification:_identify(utils/loggers/wandb) by extensions ['ros']
[0.269s] Level 1:colcon.colcon_core.package_identification:_identify(utils/loggers/wandb) by extension 'ros'
[0.269s] Level 1:colcon.colcon_core.package_identification:_identify(utils/loggers/wandb) by extensions ['cmake', 'python']
[0.269s] Level 1:colcon.colcon_core.package_identification:_identify(utils/loggers/wandb) by extension 'cmake'
[0.269s] Level 1:colcon.colcon_core.package_identification:_identify(utils/loggers/wandb) by extension 'python'
[0.269s] Level 1:colcon.colcon_core.package_identification:_identify(utils/loggers/wandb) by extensions ['python_setup_py']
[0.269s] Level 1:colcon.colcon_core.package_identification:_identify(utils/loggers/wandb) by extension 'python_setup_py'
[0.270s] Level 1:colcon.colcon_core.package_identification:_identify(utils/segment) by extensions ['ignore', 'ignore_ament_install']
[0.270s] Level 1:colcon.colcon_core.package_identification:_identify(utils/segment) by extension 'ignore'
[0.270s] Level 1:colcon.colcon_core.package_identification:_identify(utils/segment) by extension 'ignore_ament_install'
[0.270s] Level 1:colcon.colcon_core.package_identification:_identify(utils/segment) by extensions ['colcon_pkg']
[0.270s] Level 1:colcon.colcon_core.package_identification:_identify(utils/segment) by extension 'colcon_pkg'
[0.270s] Level 1:colcon.colcon_core.package_identification:_identify(utils/segment) by extensions ['colcon_meta']
[0.270s] Level 1:colcon.colcon_core.package_identification:_identify(utils/segment) by extension 'colcon_meta'
[0.270s] Level 1:colcon.colcon_core.package_identification:_identify(utils/segment) by extensions ['ros']
[0.270s] Level 1:colcon.colcon_core.package_identification:_identify(utils/segment) by extension 'ros'
[0.270s] Level 1:colcon.colcon_core.package_identification:_identify(utils/segment) by extensions ['cmake', 'python']
[0.270s] Level 1:colcon.colcon_core.package_identification:_identify(utils/segment) by extension 'cmake'
[0.270s] Level 1:colcon.colcon_core.package_identification:_identify(utils/segment) by extension 'python'
[0.270s] Level 1:colcon.colcon_core.package_identification:_identify(utils/segment) by extensions ['python_setup_py']
[0.270s] Level 1:colcon.colcon_core.package_identification:_identify(utils/segment) by extension 'python_setup_py'
[0.270s] Level 1:colcon.colcon_core.package_discovery:discover_packages(recursive) using defaults
[0.270s] Level 1:colcon.colcon_core.package_discovery:discover_packages(ignore) discover
[0.270s] Level 1:colcon.colcon_core.package_discovery:discover_packages(ignore) using defaults
[0.270s] Level 1:colcon.colcon_core.package_discovery:discover_packages(path) discover
[0.270s] Level 1:colcon.colcon_core.package_discovery:discover_packages(path) using defaults
[0.287s] Level 1:colcon.colcon_core.package_discovery:discover_packages(prefix_path) check parameters
[0.287s] Level 1:colcon.colcon_core.package_discovery:discover_packages(prefix_path) discover
[0.289s] DEBUG:colcon.colcon_installed_package_information.package_discovery:Found 4 installed packages in /home/oreki/ros2_ws/install
[0.289s] DEBUG:colcon.colcon_installed_package_information.package_discovery:Found 2 installed packages in /home/oreki/open_manipulator/install
[0.289s] DEBUG:colcon.colcon_installed_package_information.package_discovery:Found 2 installed packages in /home/oreki/open_manipulator/src/install
[0.290s] DEBUG:colcon.colcon_installed_package_information.package_discovery:Found 301 installed packages in /opt/ros/humble
[0.291s] Level 1:colcon.colcon_core.package_discovery:discover_packages(prefix_path) using defaults
[0.312s] INFO:colcon.colcon_core.executor:Executing jobs using 'parallel' executor
[0.313s] DEBUG:colcon.colcon_parallel_executor.executor.parallel:run_until_complete
[0.313s] DEBUG:colcon.colcon_parallel_executor.executor.parallel:closing loop
[0.313s] DEBUG:colcon.colcon_parallel_executor.executor.parallel:loop closed
[0.313s] DEBUG:colcon.colcon_parallel_executor.executor.parallel:run_until_complete finished with '0'
[0.313s] DEBUG:colcon.colcon_core.event_reactor:joining thread
[0.316s] INFO:colcon.colcon_core.plugin_system:Skipping extension 'colcon_notification.desktop_notification.terminal_notifier': Not used on non-Darwin systems
[0.316s] INFO:colcon.colcon_core.plugin_system:Skipping extension 'colcon_notification.desktop_notification.win32': Not used on non-Windows systems
[0.316s] INFO:colcon.colcon_notification.desktop_notification:Sending desktop notification using 'notify2'
[0.331s] DEBUG:colcon.colcon_core.event_reactor:joined thread
[0.336s] INFO:colcon.colcon_core.plugin_system:Skipping extension 'colcon_core.shell.bat': Not used on non-Windows systems
[0.336s] INFO:colcon.colcon_core.shell:Creating prefix script '/home/oreki/yolov5/install/local_setup.ps1'
[0.337s] INFO:colcon.colcon_core.shell:Creating prefix util module '/home/oreki/yolov5/install/_local_setup_util_ps1.py'
[0.337s] INFO:colcon.colcon_core.shell:Creating prefix chain script '/home/oreki/yolov5/install/setup.ps1'
[0.338s] INFO:colcon.colcon_core.shell:Creating prefix script '/home/oreki/yolov5/install/local_setup.sh'
[0.338s] INFO:colcon.colcon_core.shell:Creating prefix util module '/home/oreki/yolov5/install/_local_setup_util_sh.py'
[0.339s] INFO:colcon.colcon_core.shell:Creating prefix chain script '/home/oreki/yolov5/install/setup.sh'
[0.339s] INFO:colcon.colcon_core.shell:Creating prefix script '/home/oreki/yolov5/install/local_setup.bash'
[0.340s] INFO:colcon.colcon_core.shell:Creating prefix chain script '/home/oreki/yolov5/install/setup.bash'
[0.340s] INFO:colcon.colcon_core.shell:Creating prefix script '/home/oreki/yolov5/install/local_setup.zsh'
[0.341s] INFO:colcon.colcon_core.shell:Creating prefix chain script '/home/oreki/yolov5/install/setup.zsh'
