[0.518s] Invoking command in '/home/yash/EKLAVYA_VVM/Ros2_ws/src/sum': PYTHONPATH=/home/yash/EKLAVYA_VVM/Ros2_ws/src/build/sum/prefix_override:/home/yash/EKLAVYA_VVM/Ros2_ws/src/install/sum/lib/python3.10/site-packages:${PYTHONPATH} /usr/bin/python3 -W ignore:setup.py install is deprecated setup.py egg_info --egg-base ../build/sum build --build-base /home/yash/EKLAVYA_VVM/Ros2_ws/src/build/sum/build install --record /home/yash/EKLAVYA_VVM/Ros2_ws/src/build/sum/install.log --single-version-externally-managed install_data
[0.699s] running egg_info
[0.699s] creating ../build/sum/sum.egg-info
[0.699s] writing ../build/sum/sum.egg-info/PKG-INFO
[0.699s] writing dependency_links to ../build/sum/sum.egg-info/dependency_links.txt
[0.699s] writing entry points to ../build/sum/sum.egg-info/entry_points.txt
[0.699s] writing requirements to ../build/sum/sum.egg-info/requires.txt
[0.699s] writing top-level names to ../build/sum/sum.egg-info/top_level.txt
[0.700s] writing manifest file '../build/sum/sum.egg-info/SOURCES.txt'
[0.701s] reading manifest file '../build/sum/sum.egg-info/SOURCES.txt'
[0.701s] writing manifest file '../build/sum/sum.egg-info/SOURCES.txt'
[0.701s] running build
[0.701s] running build_py
[0.702s] creating /home/yash/EKLAVYA_VVM/Ros2_ws/src/build/sum/build
[0.702s] creating /home/yash/EKLAVYA_VVM/Ros2_ws/src/build/sum/build/lib
[0.702s] creating /home/yash/EKLAVYA_VVM/Ros2_ws/src/build/sum/build/lib/sum
[0.702s] copying sum/__init__.py -> /home/yash/EKLAVYA_VVM/Ros2_ws/src/build/sum/build/lib/sum
[0.702s] copying sum/sub.py -> /home/yash/EKLAVYA_VVM/Ros2_ws/src/build/sum/build/lib/sum
[0.702s] copying sum/pub.py -> /home/yash/EKLAVYA_VVM/Ros2_ws/src/build/sum/build/lib/sum
[0.702s] running install
[0.702s] running install_lib
[0.703s] creating /home/yash/EKLAVYA_VVM/Ros2_ws/src/install/sum/lib/python3.10/site-packages/sum
[0.703s] copying /home/yash/EKLAVYA_VVM/Ros2_ws/src/build/sum/build/lib/sum/__init__.py -> /home/yash/EKLAVYA_VVM/Ros2_ws/src/install/sum/lib/python3.10/site-packages/sum
[0.703s] copying /home/yash/EKLAVYA_VVM/Ros2_ws/src/build/sum/build/lib/sum/sub.py -> /home/yash/EKLAVYA_VVM/Ros2_ws/src/install/sum/lib/python3.10/site-packages/sum
[0.703s] copying /home/yash/EKLAVYA_VVM/Ros2_ws/src/build/sum/build/lib/sum/pub.py -> /home/yash/EKLAVYA_VVM/Ros2_ws/src/install/sum/lib/python3.10/site-packages/sum
[0.703s] byte-compiling /home/yash/EKLAVYA_VVM/Ros2_ws/src/install/sum/lib/python3.10/site-packages/sum/__init__.py to __init__.cpython-310.pyc
[0.704s] byte-compiling /home/yash/EKLAVYA_VVM/Ros2_ws/src/install/sum/lib/python3.10/site-packages/sum/sub.py to sub.cpython-310.pyc
[0.704s] byte-compiling /home/yash/EKLAVYA_VVM/Ros2_ws/src/install/sum/lib/python3.10/site-packages/sum/pub.py to pub.cpython-310.pyc
[0.704s] running install_data
[0.704s] creating /home/yash/EKLAVYA_VVM/Ros2_ws/src/install/sum/share/ament_index
[0.704s] creating /home/yash/EKLAVYA_VVM/Ros2_ws/src/install/sum/share/ament_index/resource_index
[0.705s] creating /home/yash/EKLAVYA_VVM/Ros2_ws/src/install/sum/share/ament_index/resource_index/packages
[0.705s] copying resource/sum -> /home/yash/EKLAVYA_VVM/Ros2_ws/src/install/sum/share/ament_index/resource_index/packages
[0.705s] copying package.xml -> /home/yash/EKLAVYA_VVM/Ros2_ws/src/install/sum/share/sum
[0.705s] running install_egg_info
[0.706s] Copying ../build/sum/sum.egg-info to /home/yash/EKLAVYA_VVM/Ros2_ws/src/install/sum/lib/python3.10/site-packages/sum-0.0.0-py3.10.egg-info
[0.707s] running install_scripts
[0.724s] Installing pub script to /home/yash/EKLAVYA_VVM/Ros2_ws/src/install/sum/lib/sum
[0.724s] Installing sub script to /home/yash/EKLAVYA_VVM/Ros2_ws/src/install/sum/lib/sum
[0.724s] writing list of installed files to '/home/yash/EKLAVYA_VVM/Ros2_ws/src/build/sum/install.log'
[0.758s] Invoked command in '/home/yash/EKLAVYA_VVM/Ros2_ws/src/sum' returned '0': PYTHONPATH=/home/yash/EKLAVYA_VVM/Ros2_ws/src/build/sum/prefix_override:/home/yash/EKLAVYA_VVM/Ros2_ws/src/install/sum/lib/python3.10/site-packages:${PYTHONPATH} /usr/bin/python3 -W ignore:setup.py install is deprecated setup.py egg_info --egg-base ../build/sum build --build-base /home/yash/EKLAVYA_VVM/Ros2_ws/src/build/sum/build install --record /home/yash/EKLAVYA_VVM/Ros2_ws/src/build/sum/install.log --single-version-externally-managed install_data
